2024-10-24 19:05:09 ERROR [Thread-9] o.s.c.n.e.s.EurekaServerBootstrap - Cannot bootstrap eureka server :
java.lang.IllegalStateException: Timer already cancelled.
	at java.base/java.util.Timer.sched(Timer.java:409)
	at java.base/java.util.Timer.schedule(Timer.java:260)
	at com.netflix.eureka.registry.AbstractInstanceRegistry.postInit(AbstractInstanceRegistry.java:1226)
	at com.netflix.eureka.registry.PeerAwareInstanceRegistryImpl.openForTraffic(PeerAwareInstanceRegistryImpl.java:259)
	at org.springframework.cloud.netflix.eureka.server.InstanceRegistry.openForTraffic(InstanceRegistry.java:77)
	at org.springframework.cloud.netflix.eureka.server.EurekaServerBootstrap.initEurekaServerContext(EurekaServerBootstrap.java:112)
	at org.springframework.cloud.netflix.eureka.server.EurekaServerBootstrap.contextInitialized(EurekaServerBootstrap.java:70)
	at org.springframework.cloud.netflix.eureka.server.EurekaServerInitializerConfiguration.lambda$start$0(EurekaServerInitializerConfiguration.java:67)
	at java.base/java.lang.Thread.run(Thread.java:1583)
2024-10-24 19:05:09 ERROR [Thread-9] o.s.c.n.e.s.EurekaServerInitializerConfiguration - Could not initialize Eureka servlet context
java.lang.RuntimeException: Cannot bootstrap eureka server :
	at org.springframework.cloud.netflix.eureka.server.EurekaServerBootstrap.contextInitialized(EurekaServerBootstrap.java:76)
	at org.springframework.cloud.netflix.eureka.server.EurekaServerInitializerConfiguration.lambda$start$0(EurekaServerInitializerConfiguration.java:67)
	at java.base/java.lang.Thread.run(Thread.java:1583)
Caused by: java.lang.IllegalStateException: Timer already cancelled.
	at java.base/java.util.Timer.sched(Timer.java:409)
	at java.base/java.util.Timer.schedule(Timer.java:260)
	at com.netflix.eureka.registry.AbstractInstanceRegistry.postInit(AbstractInstanceRegistry.java:1226)
	at com.netflix.eureka.registry.PeerAwareInstanceRegistryImpl.openForTraffic(PeerAwareInstanceRegistryImpl.java:259)
	at org.springframework.cloud.netflix.eureka.server.InstanceRegistry.openForTraffic(InstanceRegistry.java:77)
	at org.springframework.cloud.netflix.eureka.server.EurekaServerBootstrap.initEurekaServerContext(EurekaServerBootstrap.java:112)
	at org.springframework.cloud.netflix.eureka.server.EurekaServerBootstrap.contextInitialized(EurekaServerBootstrap.java:70)
	... 2 common frames omitted
2024-10-24 19:05:09 ERROR [main] o.s.b.d.LoggingFailureAnalysisReporter - 

***************************
APPLICATION FAILED TO START
***************************

Description:

Web server failed to start. Port 8070 was already in use.

Action:

Identify and stop the process that's listening on port 8070 or configure this application to listen on another port.

