2024-10-20 23:44:44 INFO  [background-preinit] o.h.validator.internal.util.Version - HV000001: Hibernate Validator 8.0.1.Final
2024-10-20 23:44:44 INFO  [restartedMain] c.o.products.ProductsApplication - Starting ProductsApplication using Java 21.0.4 with PID 203192 (/home/vietquoc/Public/workspace/Oralie/products/target/classes started by vietquoc in /home/vietquoc/Public/workspace/Oralie)
2024-10-20 23:44:44 DEBUG [restartedMain] c.o.products.ProductsApplication - Running with Spring Boot v3.3.3, Spring v6.1.12
2024-10-20 23:44:44 INFO  [restartedMain] c.o.products.ProductsApplication - The following 1 profile is active: "prod"
2024-10-20 23:44:44 INFO  [restartedMain] o.s.c.c.c.ConfigServerConfigDataLoader - Fetching config from server at : http://localhost:8071/
2024-10-20 23:44:44 INFO  [restartedMain] o.s.c.c.c.ConfigServerConfigDataLoader - Located environment: name=products, profiles=[default], label=null, version=ed11e47069a3ef7b1f218fc7c2dd9b77592f21c5, state=null
2024-10-20 23:44:44 INFO  [restartedMain] o.s.c.c.c.ConfigServerConfigDataLoader - Fetching config from server at : http://localhost:8071/
2024-10-20 23:44:44 INFO  [restartedMain] o.s.c.c.c.ConfigServerConfigDataLoader - Located environment: name=products, profiles=[prod], label=null, version=ed11e47069a3ef7b1f218fc7c2dd9b77592f21c5, state=null
2024-10-20 23:44:44 INFO  [restartedMain] o.s.b.d.e.DevToolsPropertyDefaultsPostProcessor - Devtools property defaults active! Set 'spring.devtools.add-properties' to 'false' to disable
2024-10-20 23:44:44 INFO  [restartedMain] o.s.b.d.e.DevToolsPropertyDefaultsPostProcessor - For additional web related logging consider setting the 'logging.level.web' property to 'DEBUG'
2024-10-20 23:44:45 INFO  [restartedMain] o.s.d.r.c.RepositoryConfigurationDelegate - Bootstrapping Spring Data JPA repositories in DEFAULT mode.
2024-10-20 23:44:45 INFO  [restartedMain] o.s.d.r.c.RepositoryConfigurationDelegate - Finished Spring Data repository scanning in 75 ms. Found 6 JPA repository interfaces.
2024-10-20 23:44:45 INFO  [restartedMain] o.s.cloud.context.scope.GenericScope - BeanFactory id=4ac80d13-449d-36be-bc18-5929fcc81f99
2024-10-20 23:44:45 WARN  [restartedMain] o.s.c.s.PostProcessorRegistrationDelegate$BeanPostProcessorChecker - Bean 'org.springframework.cloud.client.loadbalancer.LoadBalancerAutoConfiguration$DeferringLoadBalancerInterceptorConfig' of type [org.springframework.cloud.client.loadbalancer.LoadBalancerAutoConfiguration$DeferringLoadBalancerInterceptorConfig] is not eligible for getting processed by all BeanPostProcessors (for example: not eligible for auto-proxying). The currently created BeanPostProcessor [lbRestClientPostProcessor] is declared through a non-static factory method on that class; consider declaring it as static instead.
2024-10-20 23:44:45 WARN  [restartedMain] o.s.c.s.PostProcessorRegistrationDelegate$BeanPostProcessorChecker - Bean 'deferringLoadBalancerInterceptor' of type [org.springframework.cloud.client.loadbalancer.DeferringLoadBalancerInterceptor] is not eligible for getting processed by all BeanPostProcessors (for example: not eligible for auto-proxying). Is this bean getting eagerly injected into a currently created BeanPostProcessor [lbRestClientPostProcessor]? Check the corresponding BeanPostProcessor declaration and its dependencies.
2024-10-20 23:44:46 INFO  [restartedMain] o.s.b.w.e.tomcat.TomcatWebServer - Tomcat initialized with port 8081 (http)
2024-10-20 23:44:46 INFO  [restartedMain] o.a.coyote.http11.Http11NioProtocol - Initializing ProtocolHandler ["http-nio-8081"]
2024-10-20 23:44:46 INFO  [restartedMain] o.a.catalina.core.StandardService - Starting service [Tomcat]
2024-10-20 23:44:46 INFO  [restartedMain] o.a.catalina.core.StandardEngine - Starting Servlet engine: [Apache Tomcat/10.1.28]
2024-10-20 23:44:46 INFO  [restartedMain] o.a.c.c.C.[Tomcat].[localhost].[/] - Initializing Spring embedded WebApplicationContext
2024-10-20 23:44:46 INFO  [restartedMain] o.s.b.w.s.c.ServletWebServerApplicationContext - Root WebApplicationContext: initialization completed in 1381 ms
2024-10-20 23:44:46 DEBUG [restartedMain] o.s.w.f.ServerHttpObservationFilter - Filter 'webMvcObservationFilter' configured for use
2024-10-20 23:44:46 INFO  [restartedMain] o.h.jpa.internal.util.LogHelper - HHH000204: Processing PersistenceUnitInfo [name: default]
2024-10-20 23:44:46 INFO  [restartedMain] org.hibernate.Version - HHH000412: Hibernate ORM core version 6.5.2.Final
2024-10-20 23:44:46 INFO  [restartedMain] o.h.c.i.RegionFactoryInitiator - HHH000026: Second-level cache disabled
2024-10-20 23:44:46 INFO  [restartedMain] o.s.o.j.p.SpringPersistenceUnitInfo - No LoadTimeWeaver setup: ignoring JPA class transformer
2024-10-20 23:44:46 INFO  [restartedMain] com.zaxxer.hikari.HikariDataSource - HikariPool-1 - Starting...
2024-10-20 23:44:46 INFO  [restartedMain] com.zaxxer.hikari.pool.HikariPool - HikariPool-1 - Added connection com.mysql.cj.jdbc.ConnectionImpl@7cbf4d8f
2024-10-20 23:44:46 INFO  [restartedMain] com.zaxxer.hikari.HikariDataSource - HikariPool-1 - Start completed.
2024-10-20 23:44:46 WARN  [restartedMain] org.hibernate.orm.deprecation - HHH90000025: MySQL8Dialect does not need to be specified explicitly using 'hibernate.dialect' (remove the property setting and it will be selected by default)
2024-10-20 23:44:46 WARN  [restartedMain] org.hibernate.orm.deprecation - HHH90000026: MySQL8Dialect has been deprecated; use org.hibernate.dialect.MySQLDialect instead
2024-10-20 23:44:47 INFO  [restartedMain] o.h.e.t.j.p.i.JtaPlatformInitiator - HHH000489: No JTA platform available (set 'hibernate.transaction.jta.platform' to enable JTA platform integration)
2024-10-20 23:44:47 INFO  [restartedMain] o.s.o.j.LocalContainerEntityManagerFactoryBean - Initialized JPA EntityManagerFactory for persistence unit 'default'
2024-10-20 23:44:47 INFO  [restartedMain] o.s.d.j.r.query.QueryEnhancerFactory - Hibernate is in classpath; If applicable, HQL parser will be used.
2024-10-20 23:44:48 WARN  [restartedMain] o.s.b.a.o.j.JpaBaseConfiguration$JpaWebConfiguration - spring.jpa.open-in-view is enabled by default. Therefore, database queries may be performed during view rendering. Explicitly configure spring.jpa.open-in-view to disable this warning
2024-10-20 23:44:48 DEBUG [restartedMain] o.s.s.c.a.a.c.AuthenticationConfiguration$DefaultPasswordEncoderAuthenticationManagerBuilder - No authenticationProviders and no parentAuthenticationManager defined. Returning null.
2024-10-20 23:44:48 DEBUG [restartedMain] o.s.w.s.m.m.a.RequestMappingHandlerMapping - 33 mappings in 'requestMappingHandlerMapping'
2024-10-20 23:44:48 DEBUG [restartedMain] o.s.w.s.h.SimpleUrlHandlerMapping - Patterns [/webjars/**, /**, /swagger-ui*/*swagger-initializer.js, /swagger-ui*/**] in 'resourceHandlerMapping'
2024-10-20 23:44:48 INFO  [restartedMain] o.s.b.a.e.web.EndpointLinksResolver - Exposing 19 endpoints beneath base path '/actuator'
2024-10-20 23:44:48 DEBUG [restartedMain] o.s.s.web.DefaultSecurityFilterChain - Will secure any request with filters: DisableEncodeUrlFilter, WebAsyncManagerIntegrationFilter, SecurityContextHolderFilter, HeaderWriterFilter, LogoutFilter, BearerTokenAuthenticationFilter, RequestCacheAwareFilter, SecurityContextHolderAwareRequestFilter, AnonymousAuthenticationFilter, ExceptionTranslationFilter, AuthorizationFilter
2024-10-20 23:44:48 DEBUG [restartedMain] o.s.w.s.m.m.a.RequestMappingHandlerAdapter - ControllerAdvice beans: 0 @ModelAttribute, 0 @InitBinder, 1 RequestBodyAdvice, 1 ResponseBodyAdvice
2024-10-20 23:44:48 DEBUG [restartedMain] o.s.w.s.m.m.a.ExceptionHandlerExceptionResolver - ControllerAdvice beans: 2 @ExceptionHandler, 1 ResponseBodyAdvice
2024-10-20 23:44:48 INFO  [restartedMain] o.s.b.d.a.OptionalLiveReloadServer - LiveReload server is running on port 35729
2024-10-20 23:44:48 INFO  [restartedMain] o.s.c.n.e.c.DiscoveryClientOptionalArgsConfiguration - Eureka HTTP Client uses RestTemplate.
2024-10-20 23:44:48 WARN  [restartedMain] o.s.c.l.c.LoadBalancerCacheAutoConfiguration$LoadBalancerCaffeineWarnLogger - Spring Cloud LoadBalancer is currently working with the default cache. While this cache implementation is useful for development and tests, it's recommended to use Caffeine cache in production.You can switch to using Caffeine cache, by adding it and org.springframework.cache.caffeine.CaffeineCacheManager to the classpath.
2024-10-20 23:44:48 INFO  [restartedMain] o.s.c.n.eureka.InstanceInfoFactory - Setting initial instance status as: STARTING
2024-10-20 23:44:48 INFO  [restartedMain] c.netflix.discovery.DiscoveryClient - Initializing Eureka in region us-east-1
2024-10-20 23:44:48 INFO  [restartedMain] c.n.d.s.r.aws.ConfigClusterResolver - Resolving eureka endpoints via configuration
2024-10-20 23:44:48 INFO  [restartedMain] c.netflix.discovery.DiscoveryClient - Disable delta property : false
2024-10-20 23:44:48 INFO  [restartedMain] c.netflix.discovery.DiscoveryClient - Single vip registry refresh property : null
2024-10-20 23:44:48 INFO  [restartedMain] c.netflix.discovery.DiscoveryClient - Force full registry fetch : false
2024-10-20 23:44:48 INFO  [restartedMain] c.netflix.discovery.DiscoveryClient - Application is null : false
2024-10-20 23:44:48 INFO  [restartedMain] c.netflix.discovery.DiscoveryClient - Registered Applications size is zero : true
2024-10-20 23:44:48 INFO  [restartedMain] c.netflix.discovery.DiscoveryClient - Application version is -1: true
2024-10-20 23:44:48 INFO  [restartedMain] c.netflix.discovery.DiscoveryClient - Getting all instance registry info from the eureka server
2024-10-20 23:44:49 DEBUG [restartedMain] o.s.web.client.RestTemplate - HTTP GET http://localhost:8070/eureka/apps/
2024-10-20 23:44:49 DEBUG [restartedMain] o.s.web.client.RestTemplate - Accept=[application/json, application/*+json]
2024-10-20 23:44:49 DEBUG [restartedMain] o.s.web.client.RestTemplate - Response 200 OK
2024-10-20 23:44:49 DEBUG [restartedMain] o.s.web.client.RestTemplate - Reading to [org.springframework.cloud.netflix.eureka.http.EurekaApplications]
2024-10-20 23:44:49 INFO  [restartedMain] c.netflix.discovery.DiscoveryClient - The response status is 200
2024-10-20 23:44:49 INFO  [restartedMain] c.netflix.discovery.DiscoveryClient - Starting heartbeat executor: renew interval is: 30
2024-10-20 23:44:49 INFO  [restartedMain] c.n.discovery.InstanceInfoReplicator - InstanceInfoReplicator onDemand update allowed rate per min is 4
2024-10-20 23:44:49 INFO  [restartedMain] c.netflix.discovery.DiscoveryClient - Discovery Client initialized at timestamp 1729442689141 with initial instances count: 2
2024-10-20 23:44:49 INFO  [restartedMain] o.s.c.n.e.s.EurekaServiceRegistry - Registering application PRODUCTS with eureka with status UP
2024-10-20 23:44:49 INFO  [restartedMain] c.netflix.discovery.DiscoveryClient - Saw local status change event StatusChangeEvent [timestamp=1729442689145, current=UP, previous=STARTING]
2024-10-20 23:44:49 INFO  [restartedMain] o.a.coyote.http11.Http11NioProtocol - Starting ProtocolHandler ["http-nio-8081"]
2024-10-20 23:44:49 INFO  [DiscoveryClient-InstanceInfoReplicator-%d] c.netflix.discovery.DiscoveryClient - DiscoveryClient_PRODUCTS/192.168.1.4:products:8081: registering service...
2024-10-20 23:44:49 DEBUG [DiscoveryClient-InstanceInfoReplicator-%d] o.s.web.client.RestTemplate - HTTP POST http://localhost:8070/eureka/apps/PRODUCTS
2024-10-20 23:44:49 DEBUG [DiscoveryClient-InstanceInfoReplicator-%d] o.s.web.client.RestTemplate - Accept=[application/json, application/*+json]
2024-10-20 23:44:49 INFO  [restartedMain] o.s.b.w.e.tomcat.TomcatWebServer - Tomcat started on port 8081 (http) with context path '/'
2024-10-20 23:44:49 INFO  [restartedMain] o.s.c.n.e.s.EurekaAutoServiceRegistration - Updating port to 8081
2024-10-20 23:44:49 DEBUG [DiscoveryClient-InstanceInfoReplicator-%d] o.s.web.client.RestTemplate - Writing [InstanceInfo [instanceId = 192.168.1.4:products:8081, appName = PRODUCTS, hostName = 192.168.1.4, status = UP, ipAddr = 192.168.1.4, port = 8081, securePort = 443, dataCenterInfo = com.netflix.appinfo.MyDataCenterInfo@64b2f558] as "application/json"
2024-10-20 23:44:49 DEBUG [DiscoveryClient-InstanceInfoReplicator-%d] o.s.web.client.RestTemplate - Response 204 NO_CONTENT
2024-10-20 23:44:49 INFO  [DiscoveryClient-InstanceInfoReplicator-%d] c.netflix.discovery.DiscoveryClient - DiscoveryClient_PRODUCTS/192.168.1.4:products:8081 - registration status: 204
2024-10-20 23:44:49 INFO  [restartedMain] c.o.products.ProductsApplication - Started ProductsApplication in 6.712 seconds (process running for 7.255)
2024-10-20 23:45:19 DEBUG [DiscoveryClient-CacheRefreshExecutor-%d] o.s.web.client.RestTemplate - HTTP GET http://localhost:8070/eureka/apps/delta
2024-10-20 23:45:19 DEBUG [DiscoveryClient-CacheRefreshExecutor-%d] o.s.web.client.RestTemplate - Accept=[application/json, application/*+json]
2024-10-20 23:45:19 DEBUG [DiscoveryClient-HeartbeatExecutor-%d] o.s.web.client.RestTemplate - HTTP PUT http://localhost:8070/eureka/apps/PRODUCTS/192.168.1.4:products:8081?status=UP&lastDirtyTimestamp=1729442689145
2024-10-20 23:45:19 DEBUG [DiscoveryClient-CacheRefreshExecutor-%d] o.s.web.client.RestTemplate - Response 200 OK
2024-10-20 23:45:19 DEBUG [DiscoveryClient-CacheRefreshExecutor-%d] o.s.web.client.RestTemplate - Reading to [org.springframework.cloud.netflix.eureka.http.EurekaApplications]
2024-10-20 23:45:19 DEBUG [DiscoveryClient-HeartbeatExecutor-%d] o.s.web.client.RestTemplate - Accept=[application/json, application/*+json]
2024-10-20 23:45:19 DEBUG [DiscoveryClient-HeartbeatExecutor-%d] o.s.web.client.RestTemplate - Response 200 OK
