2024-10-20 23:41:13 INFO  [restartedMain] c.o.g.GatewayServerApplication - Starting GatewayServerApplication using Java 21.0.4 with PID 201393 (/home/vietquoc/Public/workspace/Oralie/gatewayserver/target/classes started by vietquoc in /home/vietquoc/Public/workspace/Oralie)
2024-10-20 23:41:13 DEBUG [restartedMain] c.o.g.GatewayServerApplication - Running with Spring Boot v3.3.3, Spring v6.1.12
2024-10-20 23:41:13 INFO  [restartedMain] c.o.g.GatewayServerApplication - No active profile set, falling back to 1 default profile: "default"
2024-10-20 23:41:13 INFO  [restartedMain] o.s.c.c.c.ConfigServerConfigDataLoader - Fetching config from server at : http://localhost:8071/
2024-10-20 23:41:13 INFO  [restartedMain] o.s.c.c.c.ConfigServerConfigDataLoader - Located environment: name=gatewayserver, profiles=[default], label=null, version=ed11e47069a3ef7b1f218fc7c2dd9b77592f21c5, state=null
2024-10-20 23:41:13 INFO  [restartedMain] o.s.d.r.c.RepositoryConfigurationDelegate - Multiple Spring Data modules found, entering strict repository configuration mode
2024-10-20 23:41:13 INFO  [restartedMain] o.s.d.r.c.RepositoryConfigurationDelegate - Bootstrapping Spring Data Redis repositories in DEFAULT mode.
2024-10-20 23:41:13 INFO  [restartedMain] o.s.d.r.c.RepositoryConfigurationDelegate - Finished Spring Data repository scanning in 0 ms. Found 0 Redis repository interfaces.
2024-10-20 23:41:13 INFO  [restartedMain] o.s.cloud.context.scope.GenericScope - BeanFactory id=a7cfa7d5-faa3-340e-bad1-d33f6288815b
2024-10-20 23:41:13 WARN  [restartedMain] o.s.c.s.PostProcessorRegistrationDelegate$BeanPostProcessorChecker - Bean 'org.springframework.cloud.client.loadbalancer.LoadBalancerAutoConfiguration$DeferringLoadBalancerInterceptorConfig' of type [org.springframework.cloud.client.loadbalancer.LoadBalancerAutoConfiguration$DeferringLoadBalancerInterceptorConfig] is not eligible for getting processed by all BeanPostProcessors (for example: not eligible for auto-proxying). The currently created BeanPostProcessor [lbRestClientPostProcessor] is declared through a non-static factory method on that class; consider declaring it as static instead.
2024-10-20 23:41:13 WARN  [restartedMain] o.s.c.s.PostProcessorRegistrationDelegate$BeanPostProcessorChecker - Bean 'deferringLoadBalancerInterceptor' of type [org.springframework.cloud.client.loadbalancer.DeferringLoadBalancerInterceptor] is not eligible for getting processed by all BeanPostProcessors (for example: not eligible for auto-proxying). Is this bean getting eagerly injected into a currently created BeanPostProcessor [lbRestClientPostProcessor]? Check the corresponding BeanPostProcessor declaration and its dependencies.
2024-10-20 23:41:13 WARN  [restartedMain] o.s.c.s.PostProcessorRegistrationDelegate$BeanPostProcessorChecker - Bean 'org.springframework.cloud.client.loadbalancer.reactive.LoadBalancerBeanPostProcessorAutoConfiguration' of type [org.springframework.cloud.client.loadbalancer.reactive.LoadBalancerBeanPostProcessorAutoConfiguration] is not eligible for getting processed by all BeanPostProcessors (for example: not eligible for auto-proxying). The currently created BeanPostProcessor [loadBalancerWebClientBuilderBeanPostProcessor] is declared through a non-static factory method on that class; consider declaring it as static instead.
2024-10-20 23:41:13 WARN  [restartedMain] o.s.c.s.PostProcessorRegistrationDelegate$BeanPostProcessorChecker - Bean 'org.springframework.cloud.client.loadbalancer.reactive.LoadBalancerBeanPostProcessorAutoConfiguration$ReactorDeferringLoadBalancerFilterConfig' of type [org.springframework.cloud.client.loadbalancer.reactive.LoadBalancerBeanPostProcessorAutoConfiguration$ReactorDeferringLoadBalancerFilterConfig] is not eligible for getting processed by all BeanPostProcessors (for example: not eligible for auto-proxying). Is this bean getting eagerly injected into a currently created BeanPostProcessor [loadBalancerWebClientBuilderBeanPostProcessor]? Check the corresponding BeanPostProcessor declaration and its dependencies.
2024-10-20 23:41:13 WARN  [restartedMain] o.s.c.s.PostProcessorRegistrationDelegate$BeanPostProcessorChecker - Bean 'reactorDeferringLoadBalancerExchangeFilterFunction' of type [org.springframework.cloud.client.loadbalancer.reactive.DeferringLoadBalancerExchangeFilterFunction] is not eligible for getting processed by all BeanPostProcessors (for example: not eligible for auto-proxying). Is this bean getting eagerly injected into a currently created BeanPostProcessor [loadBalancerWebClientBuilderBeanPostProcessor]? Check the corresponding BeanPostProcessor declaration and its dependencies.
2024-10-20 23:41:13 DEBUG [restartedMain] o.s.w.r.r.m.a.RequestMappingHandlerMapping - 7 mappings in 'requestMappingHandlerMapping'
2024-10-20 23:41:13 INFO  [restartedMain] o.s.c.g.r.RouteDefinitionRouteLocator - Loaded RoutePredicateFactory [After]
2024-10-20 23:41:13 INFO  [restartedMain] o.s.c.g.r.RouteDefinitionRouteLocator - Loaded RoutePredicateFactory [Before]
2024-10-20 23:41:13 INFO  [restartedMain] o.s.c.g.r.RouteDefinitionRouteLocator - Loaded RoutePredicateFactory [Between]
2024-10-20 23:41:13 INFO  [restartedMain] o.s.c.g.r.RouteDefinitionRouteLocator - Loaded RoutePredicateFactory [Cookie]
2024-10-20 23:41:13 INFO  [restartedMain] o.s.c.g.r.RouteDefinitionRouteLocator - Loaded RoutePredicateFactory [Header]
2024-10-20 23:41:13 INFO  [restartedMain] o.s.c.g.r.RouteDefinitionRouteLocator - Loaded RoutePredicateFactory [Host]
2024-10-20 23:41:13 INFO  [restartedMain] o.s.c.g.r.RouteDefinitionRouteLocator - Loaded RoutePredicateFactory [Method]
2024-10-20 23:41:13 INFO  [restartedMain] o.s.c.g.r.RouteDefinitionRouteLocator - Loaded RoutePredicateFactory [Path]
2024-10-20 23:41:13 INFO  [restartedMain] o.s.c.g.r.RouteDefinitionRouteLocator - Loaded RoutePredicateFactory [Query]
2024-10-20 23:41:13 INFO  [restartedMain] o.s.c.g.r.RouteDefinitionRouteLocator - Loaded RoutePredicateFactory [ReadBody]
2024-10-20 23:41:13 INFO  [restartedMain] o.s.c.g.r.RouteDefinitionRouteLocator - Loaded RoutePredicateFactory [RemoteAddr]
2024-10-20 23:41:13 INFO  [restartedMain] o.s.c.g.r.RouteDefinitionRouteLocator - Loaded RoutePredicateFactory [XForwardedRemoteAddr]
2024-10-20 23:41:13 INFO  [restartedMain] o.s.c.g.r.RouteDefinitionRouteLocator - Loaded RoutePredicateFactory [Weight]
2024-10-20 23:41:13 INFO  [restartedMain] o.s.c.g.r.RouteDefinitionRouteLocator - Loaded RoutePredicateFactory [CloudFoundryRouteService]
2024-10-20 23:41:13 DEBUG [restartedMain] o.s.w.r.h.SimpleUrlHandlerMapping - Patterns [/webjars/**, /**] in 'resourceHandlerMapping'
2024-10-20 23:41:13 INFO  [restartedMain] o.s.b.a.e.web.EndpointLinksResolver - Exposing 31 endpoints beneath base path '/actuator'
2024-10-20 23:41:13 DEBUG [restartedMain] o.s.w.r.r.m.a.ControllerMethodResolver - ControllerAdvice beans: none
2024-10-20 23:41:13 DEBUG [restartedMain] o.s.w.s.a.HttpWebHandlerAdapter - enableLoggingRequestDetails='false': form data and headers will be masked to prevent unsafe logging of potentially sensitive data
2024-10-20 23:41:14 WARN  [restartedMain] o.s.b.d.a.OptionalLiveReloadServer - Unable to start LiveReload server
2024-10-20 23:41:14 INFO  [restartedMain] o.s.c.n.e.c.DiscoveryClientOptionalArgsConfiguration - Eureka HTTP Client uses RestTemplate.
2024-10-20 23:41:14 WARN  [restartedMain] o.s.c.l.c.LoadBalancerCacheAutoConfiguration$LoadBalancerCaffeineWarnLogger - Spring Cloud LoadBalancer is currently working with the default cache. While this cache implementation is useful for development and tests, it's recommended to use Caffeine cache in production.You can switch to using Caffeine cache, by adding it and org.springframework.cache.caffeine.CaffeineCacheManager to the classpath.
2024-10-20 23:41:14 INFO  [restartedMain] o.s.c.n.eureka.InstanceInfoFactory - Setting initial instance status as: STARTING
2024-10-20 23:41:14 INFO  [restartedMain] c.netflix.discovery.DiscoveryClient - Initializing Eureka in region us-east-1
2024-10-20 23:41:14 INFO  [restartedMain] c.n.d.s.r.aws.ConfigClusterResolver - Resolving eureka endpoints via configuration
2024-10-20 23:41:14 INFO  [restartedMain] c.netflix.discovery.DiscoveryClient - Disable delta property : false
2024-10-20 23:41:14 INFO  [restartedMain] c.netflix.discovery.DiscoveryClient - Single vip registry refresh property : null
2024-10-20 23:41:14 INFO  [restartedMain] c.netflix.discovery.DiscoveryClient - Force full registry fetch : false
2024-10-20 23:41:14 INFO  [restartedMain] c.netflix.discovery.DiscoveryClient - Application is null : false
2024-10-20 23:41:14 INFO  [restartedMain] c.netflix.discovery.DiscoveryClient - Registered Applications size is zero : true
2024-10-20 23:41:14 INFO  [restartedMain] c.netflix.discovery.DiscoveryClient - Application version is -1: true
2024-10-20 23:41:14 INFO  [restartedMain] c.netflix.discovery.DiscoveryClient - Getting all instance registry info from the eureka server
2024-10-20 23:41:14 DEBUG [restartedMain] o.s.web.client.RestTemplate - HTTP GET http://localhost:8070/eureka/apps/
2024-10-20 23:41:14 DEBUG [restartedMain] o.s.web.client.RestTemplate - Accept=[application/json, application/*+json]
2024-10-20 23:41:14 DEBUG [restartedMain] o.s.web.client.RestTemplate - Response 200 OK
2024-10-20 23:41:14 DEBUG [restartedMain] o.s.web.client.RestTemplate - Reading to [org.springframework.cloud.netflix.eureka.http.EurekaApplications]
2024-10-20 23:41:14 INFO  [restartedMain] c.netflix.discovery.DiscoveryClient - The response status is 200
2024-10-20 23:41:14 INFO  [restartedMain] c.netflix.discovery.DiscoveryClient - Starting heartbeat executor: renew interval is: 30
2024-10-20 23:41:14 INFO  [restartedMain] c.n.discovery.InstanceInfoReplicator - InstanceInfoReplicator onDemand update allowed rate per min is 4
2024-10-20 23:41:14 INFO  [restartedMain] c.netflix.discovery.DiscoveryClient - Discovery Client initialized at timestamp 1729442474045 with initial instances count: 2
2024-10-20 23:41:14 INFO  [restartedMain] o.s.c.n.e.s.EurekaServiceRegistry - Registering application GATEWAYSERVER with eureka with status UP
2024-10-20 23:41:14 INFO  [restartedMain] c.netflix.discovery.DiscoveryClient - Saw local status change event StatusChangeEvent [timestamp=1729442474046, current=UP, previous=STARTING]
2024-10-20 23:41:14 INFO  [DiscoveryClient-InstanceInfoReplicator-%d] c.netflix.discovery.DiscoveryClient - DiscoveryClient_GATEWAYSERVER/192.168.1.4:gatewayserver:8072: registering service...
2024-10-20 23:41:14 DEBUG [DiscoveryClient-InstanceInfoReplicator-%d] o.s.web.client.RestTemplate - HTTP POST http://localhost:8070/eureka/apps/GATEWAYSERVER
2024-10-20 23:41:14 DEBUG [DiscoveryClient-InstanceInfoReplicator-%d] o.s.web.client.RestTemplate - Accept=[application/json, application/*+json]
2024-10-20 23:41:14 DEBUG [DiscoveryClient-InstanceInfoReplicator-%d] o.s.web.client.RestTemplate - Writing [InstanceInfo [instanceId = 192.168.1.4:gatewayserver:8072, appName = GATEWAYSERVER, hostName = 192.168.1.4, status = UP, ipAddr = 192.168.1.4, port = 8072, securePort = 443, dataCenterInfo = com.netflix.appinfo.MyDataCenterInfo@3c3d7f64] as "application/json"
2024-10-20 23:41:14 INFO  [restartedMain] o.s.b.w.e.netty.NettyWebServer - Netty started on port 8072 (http)
2024-10-20 23:41:14 INFO  [restartedMain] o.s.c.n.e.s.EurekaAutoServiceRegistration - Updating port to 8072
2024-10-20 23:41:14 DEBUG [DiscoveryClient-InstanceInfoReplicator-%d] o.s.web.client.RestTemplate - Response 204 NO_CONTENT
2024-10-20 23:41:14 INFO  [DiscoveryClient-InstanceInfoReplicator-%d] c.netflix.discovery.DiscoveryClient - DiscoveryClient_GATEWAYSERVER/192.168.1.4:gatewayserver:8072 - registration status: 204
2024-10-20 23:41:14 INFO  [restartedMain] c.o.g.GatewayServerApplication - Started GatewayServerApplication in 1.518 seconds (process running for 180.093)
2024-10-20 23:41:14 INFO  [restartedMain] o.s.b.d.a.ConditionEvaluationDeltaLoggingListener - Condition evaluation unchanged
2024-10-20 23:41:44 DEBUG [DiscoveryClient-CacheRefreshExecutor-%d] o.s.web.client.RestTemplate - HTTP GET http://localhost:8070/eureka/apps/delta
2024-10-20 23:41:44 DEBUG [DiscoveryClient-CacheRefreshExecutor-%d] o.s.web.client.RestTemplate - Accept=[application/json, application/*+json]
2024-10-20 23:41:44 DEBUG [DiscoveryClient-HeartbeatExecutor-%d] o.s.web.client.RestTemplate - HTTP PUT http://localhost:8070/eureka/apps/GATEWAYSERVER/192.168.1.4:gatewayserver:8072?status=UP&lastDirtyTimestamp=1729442474046
2024-10-20 23:41:44 DEBUG [DiscoveryClient-CacheRefreshExecutor-%d] o.s.web.client.RestTemplate - Response 200 OK
2024-10-20 23:41:44 DEBUG [DiscoveryClient-CacheRefreshExecutor-%d] o.s.web.client.RestTemplate - Reading to [org.springframework.cloud.netflix.eureka.http.EurekaApplications]
2024-10-20 23:41:44 DEBUG [DiscoveryClient-HeartbeatExecutor-%d] o.s.web.client.RestTemplate - Accept=[application/json, application/*+json]
2024-10-20 23:41:44 DEBUG [DiscoveryClient-HeartbeatExecutor-%d] o.s.web.client.RestTemplate - Response 200 OK
2024-10-20 23:42:14 DEBUG [DiscoveryClient-CacheRefreshExecutor-%d] o.s.web.client.RestTemplate - HTTP GET http://localhost:8070/eureka/apps/delta
2024-10-20 23:42:14 DEBUG [DiscoveryClient-CacheRefreshExecutor-%d] o.s.web.client.RestTemplate - Accept=[application/json, application/*+json]
2024-10-20 23:42:14 DEBUG [DiscoveryClient-CacheRefreshExecutor-%d] o.s.web.client.RestTemplate - Response 200 OK
2024-10-20 23:42:14 DEBUG [DiscoveryClient-CacheRefreshExecutor-%d] o.s.web.client.RestTemplate - Reading to [org.springframework.cloud.netflix.eureka.http.EurekaApplications]
2024-10-20 23:42:14 DEBUG [DiscoveryClient-HeartbeatExecutor-%d] o.s.web.client.RestTemplate - HTTP PUT http://localhost:8070/eureka/apps/GATEWAYSERVER/192.168.1.4:gatewayserver:8072?status=UP&lastDirtyTimestamp=1729442474046
2024-10-20 23:42:14 DEBUG [DiscoveryClient-HeartbeatExecutor-%d] o.s.web.client.RestTemplate - Accept=[application/json, application/*+json]
2024-10-20 23:42:14 DEBUG [DiscoveryClient-HeartbeatExecutor-%d] o.s.web.client.RestTemplate - Response 200 OK
2024-10-20 23:42:44 DEBUG [DiscoveryClient-CacheRefreshExecutor-%d] o.s.web.client.RestTemplate - HTTP GET http://localhost:8070/eureka/apps/delta
2024-10-20 23:42:44 DEBUG [DiscoveryClient-CacheRefreshExecutor-%d] o.s.web.client.RestTemplate - Accept=[application/json, application/*+json]
2024-10-20 23:42:44 DEBUG [DiscoveryClient-HeartbeatExecutor-%d] o.s.web.client.RestTemplate - HTTP PUT http://localhost:8070/eureka/apps/GATEWAYSERVER/192.168.1.4:gatewayserver:8072?status=UP&lastDirtyTimestamp=1729442474046
2024-10-20 23:42:44 DEBUG [DiscoveryClient-HeartbeatExecutor-%d] o.s.web.client.RestTemplate - Accept=[application/json, application/*+json]
2024-10-20 23:42:44 DEBUG [DiscoveryClient-CacheRefreshExecutor-%d] o.s.web.client.RestTemplate - Response 200 OK
2024-10-20 23:42:44 DEBUG [DiscoveryClient-CacheRefreshExecutor-%d] o.s.web.client.RestTemplate - Reading to [org.springframework.cloud.netflix.eureka.http.EurekaApplications]
2024-10-20 23:42:44 DEBUG [DiscoveryClient-HeartbeatExecutor-%d] o.s.web.client.RestTemplate - Response 200 OK
2024-10-20 23:43:14 DEBUG [DiscoveryClient-HeartbeatExecutor-%d] o.s.web.client.RestTemplate - HTTP PUT http://localhost:8070/eureka/apps/GATEWAYSERVER/192.168.1.4:gatewayserver:8072?status=UP&lastDirtyTimestamp=1729442474046
2024-10-20 23:43:14 DEBUG [DiscoveryClient-HeartbeatExecutor-%d] o.s.web.client.RestTemplate - Accept=[application/json, application/*+json]
2024-10-20 23:43:14 DEBUG [DiscoveryClient-CacheRefreshExecutor-%d] o.s.web.client.RestTemplate - HTTP GET http://localhost:8070/eureka/apps/delta
2024-10-20 23:43:14 DEBUG [DiscoveryClient-CacheRefreshExecutor-%d] o.s.web.client.RestTemplate - Accept=[application/json, application/*+json]
2024-10-20 23:43:14 DEBUG [DiscoveryClient-CacheRefreshExecutor-%d] o.s.web.client.RestTemplate - Response 200 OK
2024-10-20 23:43:14 DEBUG [DiscoveryClient-HeartbeatExecutor-%d] o.s.web.client.RestTemplate - Response 200 OK
2024-10-20 23:43:14 DEBUG [DiscoveryClient-CacheRefreshExecutor-%d] o.s.web.client.RestTemplate - Reading to [org.springframework.cloud.netflix.eureka.http.EurekaApplications]
2024-10-20 23:43:44 DEBUG [DiscoveryClient-HeartbeatExecutor-%d] o.s.web.client.RestTemplate - HTTP PUT http://localhost:8070/eureka/apps/GATEWAYSERVER/192.168.1.4:gatewayserver:8072?status=UP&lastDirtyTimestamp=1729442474046
2024-10-20 23:43:44 DEBUG [DiscoveryClient-HeartbeatExecutor-%d] o.s.web.client.RestTemplate - Accept=[application/json, application/*+json]
2024-10-20 23:43:44 DEBUG [DiscoveryClient-CacheRefreshExecutor-%d] o.s.web.client.RestTemplate - HTTP GET http://localhost:8070/eureka/apps/delta
2024-10-20 23:43:44 DEBUG [DiscoveryClient-CacheRefreshExecutor-%d] o.s.web.client.RestTemplate - Accept=[application/json, application/*+json]
2024-10-20 23:43:44 DEBUG [DiscoveryClient-HeartbeatExecutor-%d] o.s.web.client.RestTemplate - Response 200 OK
2024-10-20 23:43:44 DEBUG [DiscoveryClient-CacheRefreshExecutor-%d] o.s.web.client.RestTemplate - Response 200 OK
2024-10-20 23:43:44 DEBUG [DiscoveryClient-CacheRefreshExecutor-%d] o.s.web.client.RestTemplate - Reading to [org.springframework.cloud.netflix.eureka.http.EurekaApplications]
2024-10-20 23:44:14 DEBUG [DiscoveryClient-HeartbeatExecutor-%d] o.s.web.client.RestTemplate - HTTP PUT http://localhost:8070/eureka/apps/GATEWAYSERVER/192.168.1.4:gatewayserver:8072?status=UP&lastDirtyTimestamp=1729442474046
2024-10-20 23:44:14 DEBUG [DiscoveryClient-CacheRefreshExecutor-%d] o.s.web.client.RestTemplate - HTTP GET http://localhost:8070/eureka/apps/delta
2024-10-20 23:44:14 DEBUG [DiscoveryClient-HeartbeatExecutor-%d] o.s.web.client.RestTemplate - Accept=[application/json, application/*+json]
2024-10-20 23:44:14 DEBUG [DiscoveryClient-CacheRefreshExecutor-%d] o.s.web.client.RestTemplate - Accept=[application/json, application/*+json]
2024-10-20 23:44:14 DEBUG [DiscoveryClient-CacheRefreshExecutor-%d] o.s.web.client.RestTemplate - Response 200 OK
2024-10-20 23:44:14 DEBUG [DiscoveryClient-CacheRefreshExecutor-%d] o.s.web.client.RestTemplate - Reading to [org.springframework.cloud.netflix.eureka.http.EurekaApplications]
2024-10-20 23:44:14 DEBUG [DiscoveryClient-HeartbeatExecutor-%d] o.s.web.client.RestTemplate - Response 200 OK
2024-10-20 23:44:44 DEBUG [DiscoveryClient-HeartbeatExecutor-%d] o.s.web.client.RestTemplate - HTTP PUT http://localhost:8070/eureka/apps/GATEWAYSERVER/192.168.1.4:gatewayserver:8072?status=UP&lastDirtyTimestamp=1729442474046
2024-10-20 23:44:44 DEBUG [DiscoveryClient-HeartbeatExecutor-%d] o.s.web.client.RestTemplate - Accept=[application/json, application/*+json]
2024-10-20 23:44:44 DEBUG [DiscoveryClient-CacheRefreshExecutor-%d] o.s.web.client.RestTemplate - HTTP GET http://localhost:8070/eureka/apps/delta
2024-10-20 23:44:44 DEBUG [DiscoveryClient-CacheRefreshExecutor-%d] o.s.web.client.RestTemplate - Accept=[application/json, application/*+json]
2024-10-20 23:44:44 DEBUG [DiscoveryClient-HeartbeatExecutor-%d] o.s.web.client.RestTemplate - Response 200 OK
2024-10-20 23:44:44 DEBUG [DiscoveryClient-CacheRefreshExecutor-%d] o.s.web.client.RestTemplate - Response 200 OK
2024-10-20 23:44:44 DEBUG [DiscoveryClient-CacheRefreshExecutor-%d] o.s.web.client.RestTemplate - Reading to [org.springframework.cloud.netflix.eureka.http.EurekaApplications]
2024-10-20 23:45:14 DEBUG [DiscoveryClient-HeartbeatExecutor-%d] o.s.web.client.RestTemplate - HTTP PUT http://localhost:8070/eureka/apps/GATEWAYSERVER/192.168.1.4:gatewayserver:8072?status=UP&lastDirtyTimestamp=1729442474046
2024-10-20 23:45:14 DEBUG [DiscoveryClient-HeartbeatExecutor-%d] o.s.web.client.RestTemplate - Accept=[application/json, application/*+json]
2024-10-20 23:45:14 DEBUG [DiscoveryClient-CacheRefreshExecutor-%d] o.s.web.client.RestTemplate - HTTP GET http://localhost:8070/eureka/apps/delta
2024-10-20 23:45:14 DEBUG [DiscoveryClient-CacheRefreshExecutor-%d] o.s.web.client.RestTemplate - Accept=[application/json, application/*+json]
2024-10-20 23:45:14 DEBUG [DiscoveryClient-HeartbeatExecutor-%d] o.s.web.client.RestTemplate - Response 200 OK
2024-10-20 23:45:14 DEBUG [DiscoveryClient-CacheRefreshExecutor-%d] o.s.web.client.RestTemplate - Response 200 OK
2024-10-20 23:45:14 DEBUG [DiscoveryClient-CacheRefreshExecutor-%d] o.s.web.client.RestTemplate - Reading to [org.springframework.cloud.netflix.eureka.http.EurekaApplications]
