2024-10-28 11:44:58 INFO  [background-preinit] o.h.validator.internal.util.Version - HV000001: Hibernate Validator 8.0.1.Final
2024-10-28 11:44:58 INFO  [main] c.o.c.ConfigServerApplication - Starting ConfigServerApplication using Java 21.0.4 with PID 53841 (/home/vietquoc/Public/workspace/Oralie/configserver/target/classes started by vietquoc in /home/vietquoc/Public/workspace/Oralie)
2024-10-28 11:44:58 INFO  [main] c.o.c.ConfigServerApplication - The following 1 profile is active: "git"
2024-10-28 11:44:58 INFO  [main] o.s.cloud.context.scope.GenericScope - BeanFactory id=529d9564-2395-3f62-b380-1e9a64f36527
2024-10-28 11:44:59 INFO  [main] o.s.b.w.e.tomcat.TomcatWebServer - Tomcat initialized with port 8071 (http)
2024-10-28 11:44:59 INFO  [main] o.a.coyote.http11.Http11NioProtocol - Initializing ProtocolHandler ["http-nio-8071"]
2024-10-28 11:44:59 INFO  [main] o.a.catalina.core.StandardService - Starting service [Tomcat]
2024-10-28 11:44:59 INFO  [main] o.a.catalina.core.StandardEngine - Starting Servlet engine: [Apache Tomcat/10.1.28]
2024-10-28 11:44:59 INFO  [main] o.a.c.c.C.[Tomcat].[localhost].[/] - Initializing Spring embedded WebApplicationContext
2024-10-28 11:44:59 INFO  [main] o.s.b.w.s.c.ServletWebServerApplicationContext - Root WebApplicationContext: initialization completed in 684 ms
2024-10-28 11:45:01 INFO  [main] o.s.b.a.e.web.EndpointLinksResolver - Exposing 17 endpoints beneath base path '/actuator'
2024-10-28 11:45:01 INFO  [main] o.a.coyote.http11.Http11NioProtocol - Starting ProtocolHandler ["http-nio-8071"]
2024-10-28 11:45:01 INFO  [main] o.s.b.w.e.tomcat.TomcatWebServer - Tomcat started on port 8071 (http) with context path '/'
2024-10-28 11:45:01 INFO  [main] c.o.c.ConfigServerApplication - Started ConfigServerApplication in 3.553 seconds (process running for 4.04)
2024-10-28 11:45:09 INFO  [http-nio-8071-exec-1] o.a.c.c.C.[Tomcat].[localhost].[/] - Initializing Spring DispatcherServlet 'dispatcherServlet'
2024-10-28 11:45:09 INFO  [http-nio-8071-exec-1] o.s.web.servlet.DispatcherServlet - Initializing Servlet 'dispatcherServlet'
2024-10-28 11:45:09 INFO  [http-nio-8071-exec-1] o.s.web.servlet.DispatcherServlet - Completed initialization in 1 ms
2024-10-28 11:45:10 INFO  [http-nio-8071-exec-1] o.s.c.c.s.e.NativeEnvironmentRepository - Adding property source: Config resource 'file [/tmp/config-repo-17682346021253159762/eurekaserver.yml]' via location 'file:/tmp/config-repo-17682346021253159762/'
2024-10-28 11:45:18 INFO  [http-nio-8071-exec-2] o.s.c.c.s.e.NativeEnvironmentRepository - Adding property source: Config resource 'file [/tmp/config-repo-17682346021253159762/social.yml]' via location 'file:/tmp/config-repo-17682346021253159762/'
2024-10-28 11:45:19 INFO  [http-nio-8071-exec-3] o.s.c.c.s.e.NativeEnvironmentRepository - Adding property source: Config resource 'file [/tmp/config-repo-17682346021253159762/social-prod.yml]' via location 'file:/tmp/config-repo-17682346021253159762/'
2024-10-28 11:45:19 INFO  [http-nio-8071-exec-3] o.s.c.c.s.e.NativeEnvironmentRepository - Adding property source: Config resource 'file [/tmp/config-repo-17682346021253159762/social.yml]' via location 'file:/tmp/config-repo-17682346021253159762/'
2024-10-28 11:46:59 INFO  [http-nio-8071-exec-6] o.s.c.c.s.e.NativeEnvironmentRepository - Adding property source: Config resource 'file [/tmp/config-repo-17682346021253159762/social.yml]' via location 'file:/tmp/config-repo-17682346021253159762/'
2024-10-28 11:47:00 INFO  [http-nio-8071-exec-7] o.s.c.c.s.e.NativeEnvironmentRepository - Adding property source: Config resource 'file [/tmp/config-repo-17682346021253159762/social-prod.yml]' via location 'file:/tmp/config-repo-17682346021253159762/'
2024-10-28 11:47:00 INFO  [http-nio-8071-exec-7] o.s.c.c.s.e.NativeEnvironmentRepository - Adding property source: Config resource 'file [/tmp/config-repo-17682346021253159762/social.yml]' via location 'file:/tmp/config-repo-17682346021253159762/'
2024-10-28 11:53:13 INFO  [http-nio-8071-exec-9] o.s.c.c.s.e.NativeEnvironmentRepository - Adding property source: Config resource 'file [/tmp/config-repo-17682346021253159762/social.yml]' via location 'file:/tmp/config-repo-17682346021253159762/'
2024-10-28 11:53:14 INFO  [http-nio-8071-exec-10] o.s.c.c.s.e.NativeEnvironmentRepository - Adding property source: Config resource 'file [/tmp/config-repo-17682346021253159762/social-prod.yml]' via location 'file:/tmp/config-repo-17682346021253159762/'
2024-10-28 11:53:14 INFO  [http-nio-8071-exec-10] o.s.c.c.s.e.NativeEnvironmentRepository - Adding property source: Config resource 'file [/tmp/config-repo-17682346021253159762/social.yml]' via location 'file:/tmp/config-repo-17682346021253159762/'
2024-10-28 11:53:30 INFO  [http-nio-8071-exec-1] o.s.c.c.s.e.NativeEnvironmentRepository - Adding property source: Config resource 'file [/tmp/config-repo-17682346021253159762/social.yml]' via location 'file:/tmp/config-repo-17682346021253159762/'
2024-10-28 11:53:31 INFO  [http-nio-8071-exec-2] o.s.c.c.s.e.NativeEnvironmentRepository - Adding property source: Config resource 'file [/tmp/config-repo-17682346021253159762/social-prod.yml]' via location 'file:/tmp/config-repo-17682346021253159762/'
2024-10-28 11:53:31 INFO  [http-nio-8071-exec-2] o.s.c.c.s.e.NativeEnvironmentRepository - Adding property source: Config resource 'file [/tmp/config-repo-17682346021253159762/social.yml]' via location 'file:/tmp/config-repo-17682346021253159762/'
2024-10-28 11:53:59 INFO  [http-nio-8071-exec-3] o.s.c.c.s.e.NativeEnvironmentRepository - Adding property source: Config resource 'file [/tmp/config-repo-17682346021253159762/social.yml]' via location 'file:/tmp/config-repo-17682346021253159762/'
2024-10-28 11:54:00 INFO  [http-nio-8071-exec-4] o.s.c.c.s.e.NativeEnvironmentRepository - Adding property source: Config resource 'file [/tmp/config-repo-17682346021253159762/social-prod.yml]' via location 'file:/tmp/config-repo-17682346021253159762/'
2024-10-28 11:54:00 INFO  [http-nio-8071-exec-4] o.s.c.c.s.e.NativeEnvironmentRepository - Adding property source: Config resource 'file [/tmp/config-repo-17682346021253159762/social.yml]' via location 'file:/tmp/config-repo-17682346021253159762/'
2024-10-28 11:54:24 INFO  [http-nio-8071-exec-5] o.s.c.c.s.e.NativeEnvironmentRepository - Adding property source: Config resource 'file [/tmp/config-repo-17682346021253159762/social.yml]' via location 'file:/tmp/config-repo-17682346021253159762/'
2024-10-28 11:54:25 INFO  [http-nio-8071-exec-6] o.s.c.c.s.e.NativeEnvironmentRepository - Adding property source: Config resource 'file [/tmp/config-repo-17682346021253159762/social-prod.yml]' via location 'file:/tmp/config-repo-17682346021253159762/'
2024-10-28 11:54:25 INFO  [http-nio-8071-exec-6] o.s.c.c.s.e.NativeEnvironmentRepository - Adding property source: Config resource 'file [/tmp/config-repo-17682346021253159762/social.yml]' via location 'file:/tmp/config-repo-17682346021253159762/'
2024-10-28 11:57:00 INFO  [http-nio-8071-exec-8] o.s.c.c.s.e.NativeEnvironmentRepository - Adding property source: Config resource 'file [/tmp/config-repo-17682346021253159762/social.yml]' via location 'file:/tmp/config-repo-17682346021253159762/'
2024-10-28 11:57:01 INFO  [http-nio-8071-exec-9] o.s.c.c.s.e.NativeEnvironmentRepository - Adding property source: Config resource 'file [/tmp/config-repo-17682346021253159762/social-prod.yml]' via location 'file:/tmp/config-repo-17682346021253159762/'
2024-10-28 11:57:01 INFO  [http-nio-8071-exec-9] o.s.c.c.s.e.NativeEnvironmentRepository - Adding property source: Config resource 'file [/tmp/config-repo-17682346021253159762/social.yml]' via location 'file:/tmp/config-repo-17682346021253159762/'
2024-10-28 11:58:16 INFO  [http-nio-8071-exec-1] o.s.c.c.s.e.NativeEnvironmentRepository - Adding property source: Config resource 'file [/tmp/config-repo-17682346021253159762/social.yml]' via location 'file:/tmp/config-repo-17682346021253159762/'
2024-10-28 11:58:17 INFO  [http-nio-8071-exec-2] o.s.c.c.s.e.NativeEnvironmentRepository - Adding property source: Config resource 'file [/tmp/config-repo-17682346021253159762/social-prod.yml]' via location 'file:/tmp/config-repo-17682346021253159762/'
2024-10-28 11:58:17 INFO  [http-nio-8071-exec-2] o.s.c.c.s.e.NativeEnvironmentRepository - Adding property source: Config resource 'file [/tmp/config-repo-17682346021253159762/social.yml]' via location 'file:/tmp/config-repo-17682346021253159762/'
2024-10-28 11:58:23 INFO  [http-nio-8071-exec-3] o.s.c.c.s.e.NativeEnvironmentRepository - Adding property source: Config resource 'file [/tmp/config-repo-17682346021253159762/social.yml]' via location 'file:/tmp/config-repo-17682346021253159762/'
2024-10-28 11:58:23 INFO  [http-nio-8071-exec-4] o.s.c.c.s.e.NativeEnvironmentRepository - Adding property source: Config resource 'file [/tmp/config-repo-17682346021253159762/social-prod.yml]' via location 'file:/tmp/config-repo-17682346021253159762/'
2024-10-28 11:58:23 INFO  [http-nio-8071-exec-4] o.s.c.c.s.e.NativeEnvironmentRepository - Adding property source: Config resource 'file [/tmp/config-repo-17682346021253159762/social.yml]' via location 'file:/tmp/config-repo-17682346021253159762/'
2024-10-28 12:00:48 INFO  [http-nio-8071-exec-6] o.s.c.c.s.e.NativeEnvironmentRepository - Adding property source: Config resource 'file [/tmp/config-repo-17682346021253159762/social.yml]' via location 'file:/tmp/config-repo-17682346021253159762/'
2024-10-28 12:00:49 INFO  [http-nio-8071-exec-7] o.s.c.c.s.e.NativeEnvironmentRepository - Adding property source: Config resource 'file [/tmp/config-repo-17682346021253159762/social-prod.yml]' via location 'file:/tmp/config-repo-17682346021253159762/'
2024-10-28 12:00:49 INFO  [http-nio-8071-exec-7] o.s.c.c.s.e.NativeEnvironmentRepository - Adding property source: Config resource 'file [/tmp/config-repo-17682346021253159762/social.yml]' via location 'file:/tmp/config-repo-17682346021253159762/'
2024-10-28 12:08:03 INFO  [http-nio-8071-exec-9] o.s.c.c.s.e.NativeEnvironmentRepository - Adding property source: Config resource 'file [/tmp/config-repo-17682346021253159762/social.yml]' via location 'file:/tmp/config-repo-17682346021253159762/'
2024-10-28 12:08:03 INFO  [http-nio-8071-exec-10] o.s.c.c.s.e.NativeEnvironmentRepository - Adding property source: Config resource 'file [/tmp/config-repo-17682346021253159762/social-prod.yml]' via location 'file:/tmp/config-repo-17682346021253159762/'
2024-10-28 12:08:03 INFO  [http-nio-8071-exec-10] o.s.c.c.s.e.NativeEnvironmentRepository - Adding property source: Config resource 'file [/tmp/config-repo-17682346021253159762/social.yml]' via location 'file:/tmp/config-repo-17682346021253159762/'
2024-10-28 12:08:34 INFO  [http-nio-8071-exec-1] o.s.c.c.s.e.NativeEnvironmentRepository - Adding property source: Config resource 'file [/tmp/config-repo-17682346021253159762/social.yml]' via location 'file:/tmp/config-repo-17682346021253159762/'
2024-10-28 12:08:35 INFO  [http-nio-8071-exec-2] o.s.c.c.s.e.NativeEnvironmentRepository - Adding property source: Config resource 'file [/tmp/config-repo-17682346021253159762/social-prod.yml]' via location 'file:/tmp/config-repo-17682346021253159762/'
2024-10-28 12:08:35 INFO  [http-nio-8071-exec-2] o.s.c.c.s.e.NativeEnvironmentRepository - Adding property source: Config resource 'file [/tmp/config-repo-17682346021253159762/social.yml]' via location 'file:/tmp/config-repo-17682346021253159762/'
2024-10-28 12:09:47 INFO  [http-nio-8071-exec-4] o.s.c.c.s.e.NativeEnvironmentRepository - Adding property source: Config resource 'file [/tmp/config-repo-17682346021253159762/social.yml]' via location 'file:/tmp/config-repo-17682346021253159762/'
2024-10-28 12:09:48 INFO  [http-nio-8071-exec-5] o.s.c.c.s.e.NativeEnvironmentRepository - Adding property source: Config resource 'file [/tmp/config-repo-17682346021253159762/social-prod.yml]' via location 'file:/tmp/config-repo-17682346021253159762/'
2024-10-28 12:09:48 INFO  [http-nio-8071-exec-5] o.s.c.c.s.e.NativeEnvironmentRepository - Adding property source: Config resource 'file [/tmp/config-repo-17682346021253159762/social.yml]' via location 'file:/tmp/config-repo-17682346021253159762/'
2024-10-28 12:25:33 INFO  [http-nio-8071-exec-7] o.s.c.c.s.e.NativeEnvironmentRepository - Adding property source: Config resource 'file [/tmp/config-repo-17682346021253159762/social.yml]' via location 'file:/tmp/config-repo-17682346021253159762/'
2024-10-28 12:25:34 INFO  [http-nio-8071-exec-8] o.s.c.c.s.e.NativeEnvironmentRepository - Adding property source: Config resource 'file [/tmp/config-repo-17682346021253159762/social-prod.yml]' via location 'file:/tmp/config-repo-17682346021253159762/'
2024-10-28 12:25:34 INFO  [http-nio-8071-exec-8] o.s.c.c.s.e.NativeEnvironmentRepository - Adding property source: Config resource 'file [/tmp/config-repo-17682346021253159762/social.yml]' via location 'file:/tmp/config-repo-17682346021253159762/'
2024-10-28 12:33:11 INFO  [http-nio-8071-exec-10] o.s.c.c.s.e.NativeEnvironmentRepository - Adding property source: Config resource 'file [/tmp/config-repo-17682346021253159762/social.yml]' via location 'file:/tmp/config-repo-17682346021253159762/'
2024-10-28 12:33:11 INFO  [http-nio-8071-exec-1] o.s.c.c.s.e.NativeEnvironmentRepository - Adding property source: Config resource 'file [/tmp/config-repo-17682346021253159762/social-prod.yml]' via location 'file:/tmp/config-repo-17682346021253159762/'
2024-10-28 12:33:11 INFO  [http-nio-8071-exec-1] o.s.c.c.s.e.NativeEnvironmentRepository - Adding property source: Config resource 'file [/tmp/config-repo-17682346021253159762/social.yml]' via location 'file:/tmp/config-repo-17682346021253159762/'
2024-10-28 12:34:43 INFO  [http-nio-8071-exec-3] o.s.c.c.s.e.NativeEnvironmentRepository - Adding property source: Config resource 'file [/tmp/config-repo-17682346021253159762/social.yml]' via location 'file:/tmp/config-repo-17682346021253159762/'
2024-10-28 12:34:43 INFO  [http-nio-8071-exec-4] o.s.c.c.s.e.NativeEnvironmentRepository - Adding property source: Config resource 'file [/tmp/config-repo-17682346021253159762/social-prod.yml]' via location 'file:/tmp/config-repo-17682346021253159762/'
2024-10-28 12:34:43 INFO  [http-nio-8071-exec-4] o.s.c.c.s.e.NativeEnvironmentRepository - Adding property source: Config resource 'file [/tmp/config-repo-17682346021253159762/social.yml]' via location 'file:/tmp/config-repo-17682346021253159762/'
2024-10-28 12:37:41 INFO  [background-preinit] o.h.validator.internal.util.Version - HV000001: Hibernate Validator 8.0.1.Final
2024-10-28 12:37:41 INFO  [main] c.o.c.ConfigServerApplication - Starting ConfigServerApplication using Java 21.0.4 with PID 77012 (/home/vietquoc/Public/workspace/Oralie/configserver/target/classes started by vietquoc in /home/vietquoc/Public/workspace/Oralie)
2024-10-28 12:37:41 INFO  [main] c.o.c.ConfigServerApplication - The following 1 profile is active: "git"
2024-10-28 12:37:41 INFO  [main] o.s.cloud.context.scope.GenericScope - BeanFactory id=529d9564-2395-3f62-b380-1e9a64f36527
2024-10-28 12:37:41 INFO  [main] o.s.b.w.e.tomcat.TomcatWebServer - Tomcat initialized with port 8071 (http)
2024-10-28 12:37:41 INFO  [main] o.a.coyote.http11.Http11NioProtocol - Initializing ProtocolHandler ["http-nio-8071"]
2024-10-28 12:37:41 INFO  [main] o.a.catalina.core.StandardService - Starting service [Tomcat]
2024-10-28 12:37:41 INFO  [main] o.a.catalina.core.StandardEngine - Starting Servlet engine: [Apache Tomcat/10.1.28]
2024-10-28 12:37:41 INFO  [main] o.a.c.c.C.[Tomcat].[localhost].[/] - Initializing Spring embedded WebApplicationContext
2024-10-28 12:37:41 INFO  [main] o.s.b.w.s.c.ServletWebServerApplicationContext - Root WebApplicationContext: initialization completed in 689 ms
2024-10-28 12:37:44 INFO  [main] o.s.b.a.e.web.EndpointLinksResolver - Exposing 17 endpoints beneath base path '/actuator'
2024-10-28 12:37:44 INFO  [main] o.a.coyote.http11.Http11NioProtocol - Starting ProtocolHandler ["http-nio-8071"]
2024-10-28 12:37:44 INFO  [main] o.s.b.w.e.tomcat.TomcatWebServer - Tomcat started on port 8071 (http) with context path '/'
2024-10-28 12:37:44 INFO  [main] c.o.c.ConfigServerApplication - Started ConfigServerApplication in 3.28 seconds (process running for 4.105)
2024-10-28 12:37:50 INFO  [http-nio-8071-exec-1] o.a.c.c.C.[Tomcat].[localhost].[/] - Initializing Spring DispatcherServlet 'dispatcherServlet'
2024-10-28 12:37:50 INFO  [http-nio-8071-exec-1] o.s.web.servlet.DispatcherServlet - Initializing Servlet 'dispatcherServlet'
2024-10-28 12:37:50 INFO  [http-nio-8071-exec-1] o.s.web.servlet.DispatcherServlet - Completed initialization in 1 ms
2024-10-28 12:37:51 INFO  [http-nio-8071-exec-1] o.s.c.c.s.e.NativeEnvironmentRepository - Adding property source: Config resource 'file [/tmp/config-repo-7462374061517540143/eurekaserver.yml]' via location 'file:/tmp/config-repo-7462374061517540143/'
2024-10-28 12:38:00 INFO  [http-nio-8071-exec-2] o.s.c.c.s.e.NativeEnvironmentRepository - Adding property source: Config resource 'file [/tmp/config-repo-7462374061517540143/social.yml]' via location 'file:/tmp/config-repo-7462374061517540143/'
2024-10-28 12:38:01 INFO  [http-nio-8071-exec-3] o.s.c.c.s.e.NativeEnvironmentRepository - Adding property source: Config resource 'file [/tmp/config-repo-7462374061517540143/social-prod.yml]' via location 'file:/tmp/config-repo-7462374061517540143/'
2024-10-28 12:38:01 INFO  [http-nio-8071-exec-3] o.s.c.c.s.e.NativeEnvironmentRepository - Adding property source: Config resource 'file [/tmp/config-repo-7462374061517540143/social.yml]' via location 'file:/tmp/config-repo-7462374061517540143/'
2024-10-28 12:39:28 INFO  [http-nio-8071-exec-6] o.s.c.c.s.e.NativeEnvironmentRepository - Adding property source: Config resource 'file [/tmp/config-repo-7462374061517540143/social.yml]' via location 'file:/tmp/config-repo-7462374061517540143/'
2024-10-28 12:39:29 INFO  [http-nio-8071-exec-7] o.s.c.c.s.e.NativeEnvironmentRepository - Adding property source: Config resource 'file [/tmp/config-repo-7462374061517540143/social-prod.yml]' via location 'file:/tmp/config-repo-7462374061517540143/'
2024-10-28 12:39:29 INFO  [http-nio-8071-exec-7] o.s.c.c.s.e.NativeEnvironmentRepository - Adding property source: Config resource 'file [/tmp/config-repo-7462374061517540143/social.yml]' via location 'file:/tmp/config-repo-7462374061517540143/'
2024-10-28 12:43:17 INFO  [http-nio-8071-exec-9] o.s.c.c.s.e.NativeEnvironmentRepository - Adding property source: Config resource 'file [/tmp/config-repo-7462374061517540143/social.yml]' via location 'file:/tmp/config-repo-7462374061517540143/'
2024-10-28 12:43:18 INFO  [http-nio-8071-exec-10] o.s.c.c.s.e.NativeEnvironmentRepository - Adding property source: Config resource 'file [/tmp/config-repo-7462374061517540143/social-prod.yml]' via location 'file:/tmp/config-repo-7462374061517540143/'
2024-10-28 12:43:18 INFO  [http-nio-8071-exec-10] o.s.c.c.s.e.NativeEnvironmentRepository - Adding property source: Config resource 'file [/tmp/config-repo-7462374061517540143/social.yml]' via location 'file:/tmp/config-repo-7462374061517540143/'
2024-10-28 12:43:24 INFO  [http-nio-8071-exec-1] o.s.c.c.s.e.NativeEnvironmentRepository - Adding property source: Config resource 'file [/tmp/config-repo-7462374061517540143/social.yml]' via location 'file:/tmp/config-repo-7462374061517540143/'
2024-10-28 12:43:25 INFO  [http-nio-8071-exec-2] o.s.c.c.s.e.NativeEnvironmentRepository - Adding property source: Config resource 'file [/tmp/config-repo-7462374061517540143/social-prod.yml]' via location 'file:/tmp/config-repo-7462374061517540143/'
2024-10-28 12:43:25 INFO  [http-nio-8071-exec-2] o.s.c.c.s.e.NativeEnvironmentRepository - Adding property source: Config resource 'file [/tmp/config-repo-7462374061517540143/social.yml]' via location 'file:/tmp/config-repo-7462374061517540143/'
2024-10-28 12:43:28 INFO  [http-nio-8071-exec-3] o.s.c.c.s.e.NativeEnvironmentRepository - Adding property source: Config resource 'file [/tmp/config-repo-7462374061517540143/social.yml]' via location 'file:/tmp/config-repo-7462374061517540143/'
2024-10-28 12:43:29 INFO  [http-nio-8071-exec-4] o.s.c.c.s.e.NativeEnvironmentRepository - Adding property source: Config resource 'file [/tmp/config-repo-7462374061517540143/social-prod.yml]' via location 'file:/tmp/config-repo-7462374061517540143/'
2024-10-28 12:43:29 INFO  [http-nio-8071-exec-4] o.s.c.c.s.e.NativeEnvironmentRepository - Adding property source: Config resource 'file [/tmp/config-repo-7462374061517540143/social.yml]' via location 'file:/tmp/config-repo-7462374061517540143/'
2024-10-28 12:43:46 INFO  [http-nio-8071-exec-5] o.s.c.c.s.e.NativeEnvironmentRepository - Adding property source: Config resource 'file [/tmp/config-repo-7462374061517540143/social.yml]' via location 'file:/tmp/config-repo-7462374061517540143/'
2024-10-28 12:43:47 INFO  [http-nio-8071-exec-6] o.s.c.c.s.e.NativeEnvironmentRepository - Adding property source: Config resource 'file [/tmp/config-repo-7462374061517540143/social-prod.yml]' via location 'file:/tmp/config-repo-7462374061517540143/'
2024-10-28 12:43:47 INFO  [http-nio-8071-exec-6] o.s.c.c.s.e.NativeEnvironmentRepository - Adding property source: Config resource 'file [/tmp/config-repo-7462374061517540143/social.yml]' via location 'file:/tmp/config-repo-7462374061517540143/'
2024-10-28 12:44:21 INFO  [http-nio-8071-exec-7] o.s.c.c.s.e.NativeEnvironmentRepository - Adding property source: Config resource 'file [/tmp/config-repo-7462374061517540143/social.yml]' via location 'file:/tmp/config-repo-7462374061517540143/'
2024-10-28 12:44:22 INFO  [http-nio-8071-exec-8] o.s.c.c.s.e.NativeEnvironmentRepository - Adding property source: Config resource 'file [/tmp/config-repo-7462374061517540143/social-prod.yml]' via location 'file:/tmp/config-repo-7462374061517540143/'
2024-10-28 12:44:22 INFO  [http-nio-8071-exec-8] o.s.c.c.s.e.NativeEnvironmentRepository - Adding property source: Config resource 'file [/tmp/config-repo-7462374061517540143/social.yml]' via location 'file:/tmp/config-repo-7462374061517540143/'
2024-10-28 12:44:47 INFO  [http-nio-8071-exec-9] o.s.c.c.s.e.NativeEnvironmentRepository - Adding property source: Config resource 'file [/tmp/config-repo-7462374061517540143/social.yml]' via location 'file:/tmp/config-repo-7462374061517540143/'
2024-10-28 12:44:48 INFO  [http-nio-8071-exec-10] o.s.c.c.s.e.NativeEnvironmentRepository - Adding property source: Config resource 'file [/tmp/config-repo-7462374061517540143/social-prod.yml]' via location 'file:/tmp/config-repo-7462374061517540143/'
2024-10-28 12:44:48 INFO  [http-nio-8071-exec-10] o.s.c.c.s.e.NativeEnvironmentRepository - Adding property source: Config resource 'file [/tmp/config-repo-7462374061517540143/social.yml]' via location 'file:/tmp/config-repo-7462374061517540143/'
2024-10-28 12:45:19 INFO  [http-nio-8071-exec-1] o.s.c.c.s.e.NativeEnvironmentRepository - Adding property source: Config resource 'file [/tmp/config-repo-7462374061517540143/social.yml]' via location 'file:/tmp/config-repo-7462374061517540143/'
2024-10-28 12:45:20 INFO  [http-nio-8071-exec-2] o.s.c.c.s.e.NativeEnvironmentRepository - Adding property source: Config resource 'file [/tmp/config-repo-7462374061517540143/social-prod.yml]' via location 'file:/tmp/config-repo-7462374061517540143/'
2024-10-28 12:45:20 INFO  [http-nio-8071-exec-2] o.s.c.c.s.e.NativeEnvironmentRepository - Adding property source: Config resource 'file [/tmp/config-repo-7462374061517540143/social.yml]' via location 'file:/tmp/config-repo-7462374061517540143/'
