2024-10-26 18:49:37 INFO  [background-preinit] o.h.validator.internal.util.Version - HV000001: Hibernate Validator 8.0.1.Final
2024-10-26 18:49:37 INFO  [main] c.o.c.ConfigServerApplication - Starting ConfigServerApplication using Java 21.0.4 with PID 38802 (/home/vietquoc/Public/workspace/Oralie/configserver/target/classes started by vietquoc in /home/vietquoc/Public/workspace/Oralie)
2024-10-26 18:49:37 INFO  [main] c.o.c.ConfigServerApplication - The following 1 profile is active: "git"
2024-10-26 18:49:38 INFO  [main] o.s.cloud.context.scope.GenericScope - BeanFactory id=529d9564-2395-3f62-b380-1e9a64f36527
2024-10-26 18:49:38 INFO  [main] o.s.b.w.e.tomcat.TomcatWebServer - Tomcat initialized with port 8071 (http)
2024-10-26 18:49:38 INFO  [main] o.a.coyote.http11.Http11NioProtocol - Initializing ProtocolHandler ["http-nio-8071"]
2024-10-26 18:49:38 INFO  [main] o.a.catalina.core.StandardService - Starting service [Tomcat]
2024-10-26 18:49:38 INFO  [main] o.a.catalina.core.StandardEngine - Starting Servlet engine: [Apache Tomcat/10.1.28]
2024-10-26 18:49:38 INFO  [main] o.a.c.c.C.[Tomcat].[localhost].[/] - Initializing Spring embedded WebApplicationContext
2024-10-26 18:49:38 INFO  [main] o.s.b.w.s.c.ServletWebServerApplicationContext - Root WebApplicationContext: initialization completed in 852 ms
2024-10-26 18:49:41 INFO  [main] o.s.b.a.e.web.EndpointLinksResolver - Exposing 17 endpoints beneath base path '/actuator'
2024-10-26 18:49:41 INFO  [main] o.a.coyote.http11.Http11NioProtocol - Starting ProtocolHandler ["http-nio-8071"]
2024-10-26 18:49:41 INFO  [main] o.s.b.w.e.tomcat.TomcatWebServer - Tomcat started on port 8071 (http) with context path '/'
2024-10-26 18:49:41 INFO  [main] c.o.c.ConfigServerApplication - Started ConfigServerApplication in 3.724 seconds (process running for 4.666)
2024-10-26 18:49:49 INFO  [http-nio-8071-exec-1] o.a.c.c.C.[Tomcat].[localhost].[/] - Initializing Spring DispatcherServlet 'dispatcherServlet'
2024-10-26 18:49:49 INFO  [http-nio-8071-exec-1] o.s.web.servlet.DispatcherServlet - Initializing Servlet 'dispatcherServlet'
2024-10-26 18:49:49 INFO  [http-nio-8071-exec-1] o.s.web.servlet.DispatcherServlet - Completed initialization in 1 ms
2024-10-26 18:49:50 INFO  [http-nio-8071-exec-1] o.s.c.c.s.e.NativeEnvironmentRepository - Adding property source: Config resource 'file [/tmp/config-repo-820884211759315360/eurekaserver.yml]' via location 'file:/tmp/config-repo-820884211759315360/'
2024-10-26 18:50:07 INFO  [http-nio-8071-exec-2] o.s.c.c.s.e.NativeEnvironmentRepository - Adding property source: Config resource 'file [/tmp/config-repo-820884211759315360/products.yml]' via location 'file:/tmp/config-repo-820884211759315360/'
2024-10-26 18:50:08 INFO  [http-nio-8071-exec-3] o.s.c.c.s.e.NativeEnvironmentRepository - Adding property source: Config resource 'file [/tmp/config-repo-820884211759315360/products-prod.yml]' via location 'file:/tmp/config-repo-820884211759315360/'
2024-10-26 18:50:08 INFO  [http-nio-8071-exec-3] o.s.c.c.s.e.NativeEnvironmentRepository - Adding property source: Config resource 'file [/tmp/config-repo-820884211759315360/products.yml]' via location 'file:/tmp/config-repo-820884211759315360/'
2024-10-26 18:50:19 INFO  [http-nio-8071-exec-4] o.s.c.c.s.e.NativeEnvironmentRepository - Adding property source: Config resource 'file [/tmp/config-repo-820884211759315360/gatewayserver.yml]' via location 'file:/tmp/config-repo-820884211759315360/'
2024-10-26 19:22:08 INFO  [http-nio-8071-exec-8] o.s.c.c.s.e.NativeEnvironmentRepository - Adding property source: Config resource 'file [/tmp/config-repo-820884211759315360/gatewayserver.yml]' via location 'file:/tmp/config-repo-820884211759315360/'
2024-10-26 19:22:26 INFO  [http-nio-8071-exec-10] o.s.c.c.s.e.NativeEnvironmentRepository - Adding property source: Config resource 'file [/tmp/config-repo-820884211759315360/gatewayserver.yml]' via location 'file:/tmp/config-repo-820884211759315360/'
2024-10-26 20:04:55 INFO  [http-nio-8071-exec-2] o.s.c.c.s.e.NativeEnvironmentRepository - Adding property source: Config resource 'file [/tmp/config-repo-820884211759315360/gatewayserver.yml]' via location 'file:/tmp/config-repo-820884211759315360/'
2024-10-26 21:28:10 INFO  [http-nio-8071-exec-4] o.s.c.c.s.e.NativeEnvironmentRepository - Adding property source: Config resource 'file [/tmp/config-repo-820884211759315360/gatewayserver.yml]' via location 'file:/tmp/config-repo-820884211759315360/'
2024-10-26 21:28:51 INFO  [http-nio-8071-exec-5] o.s.c.c.s.e.NativeEnvironmentRepository - Adding property source: Config resource 'file [/tmp/config-repo-820884211759315360/gatewayserver.yml]' via location 'file:/tmp/config-repo-820884211759315360/'
2024-10-26 21:29:06 INFO  [http-nio-8071-exec-6] o.s.c.c.s.e.NativeEnvironmentRepository - Adding property source: Config resource 'file [/tmp/config-repo-820884211759315360/gatewayserver.yml]' via location 'file:/tmp/config-repo-820884211759315360/'
2024-10-26 21:29:36 INFO  [http-nio-8071-exec-7] o.s.c.c.s.e.NativeEnvironmentRepository - Adding property source: Config resource 'file [/tmp/config-repo-820884211759315360/gatewayserver.yml]' via location 'file:/tmp/config-repo-820884211759315360/'
2024-10-26 21:30:01 INFO  [http-nio-8071-exec-8] o.s.c.c.s.e.NativeEnvironmentRepository - Adding property source: Config resource 'file [/tmp/config-repo-820884211759315360/gatewayserver.yml]' via location 'file:/tmp/config-repo-820884211759315360/'
2024-10-26 21:30:10 INFO  [http-nio-8071-exec-9] o.s.c.c.s.e.NativeEnvironmentRepository - Adding property source: Config resource 'file [/tmp/config-repo-820884211759315360/gatewayserver.yml]' via location 'file:/tmp/config-repo-820884211759315360/'
2024-10-26 21:31:27 INFO  [http-nio-8071-exec-1] o.s.c.c.s.e.NativeEnvironmentRepository - Adding property source: Config resource 'file [/tmp/config-repo-820884211759315360/gatewayserver.yml]' via location 'file:/tmp/config-repo-820884211759315360/'
2024-10-26 21:33:07 INFO  [http-nio-8071-exec-3] o.s.c.c.s.e.NativeEnvironmentRepository - Adding property source: Config resource 'file [/tmp/config-repo-820884211759315360/gatewayserver.yml]' via location 'file:/tmp/config-repo-820884211759315360/'
2024-10-26 21:35:34 INFO  [http-nio-8071-exec-5] o.s.c.c.s.e.NativeEnvironmentRepository - Adding property source: Config resource 'file [/tmp/config-repo-820884211759315360/gatewayserver.yml]' via location 'file:/tmp/config-repo-820884211759315360/'
2024-10-26 21:37:04 INFO  [http-nio-8071-exec-7] o.s.c.c.s.e.NativeEnvironmentRepository - Adding property source: Config resource 'file [/tmp/config-repo-820884211759315360/gatewayserver.yml]' via location 'file:/tmp/config-repo-820884211759315360/'
2024-10-26 21:42:08 INFO  [http-nio-8071-exec-9] o.s.c.c.s.e.NativeEnvironmentRepository - Adding property source: Config resource 'file [/tmp/config-repo-820884211759315360/gatewayserver.yml]' via location 'file:/tmp/config-repo-820884211759315360/'
2024-10-26 21:42:14 INFO  [http-nio-8071-exec-10] o.s.c.c.s.e.NativeEnvironmentRepository - Adding property source: Config resource 'file [/tmp/config-repo-820884211759315360/gatewayserver.yml]' via location 'file:/tmp/config-repo-820884211759315360/'
2024-10-26 21:42:40 INFO  [http-nio-8071-exec-1] o.s.c.c.s.e.NativeEnvironmentRepository - Adding property source: Config resource 'file [/tmp/config-repo-820884211759315360/gatewayserver.yml]' via location 'file:/tmp/config-repo-820884211759315360/'
2024-10-26 21:43:33 INFO  [http-nio-8071-exec-3] o.s.c.c.s.e.NativeEnvironmentRepository - Adding property source: Config resource 'file [/tmp/config-repo-820884211759315360/gatewayserver.yml]' via location 'file:/tmp/config-repo-820884211759315360/'
2024-10-26 21:45:37 INFO  [http-nio-8071-exec-5] o.s.c.c.s.e.NativeEnvironmentRepository - Adding property source: Config resource 'file [/tmp/config-repo-820884211759315360/gatewayserver.yml]' via location 'file:/tmp/config-repo-820884211759315360/'
2024-10-26 21:47:22 INFO  [http-nio-8071-exec-7] o.s.c.c.s.e.NativeEnvironmentRepository - Adding property source: Config resource 'file [/tmp/config-repo-820884211759315360/products.yml]' via location 'file:/tmp/config-repo-820884211759315360/'
2024-10-26 21:47:23 INFO  [http-nio-8071-exec-8] o.s.c.c.s.e.NativeEnvironmentRepository - Adding property source: Config resource 'file [/tmp/config-repo-820884211759315360/products-prod.yml]' via location 'file:/tmp/config-repo-820884211759315360/'
2024-10-26 21:47:23 INFO  [http-nio-8071-exec-8] o.s.c.c.s.e.NativeEnvironmentRepository - Adding property source: Config resource 'file [/tmp/config-repo-820884211759315360/products.yml]' via location 'file:/tmp/config-repo-820884211759315360/'
