2024-10-25 10:55:23 INFO  [background-preinit] o.h.validator.internal.util.Version - HV000001: Hibernate Validator 8.0.1.Final
2024-10-25 10:55:23 INFO  [main] c.o.c.ConfigServerApplication - Starting ConfigServerApplication using Java 21.0.4 with PID 13854 (/home/vietquoc/Public/workspace/Oralie/configserver/target/classes started by vietquoc in /home/vietquoc/Public/workspace/Oralie)
2024-10-25 10:55:23 INFO  [main] c.o.c.ConfigServerApplication - The following 1 profile is active: "git"
2024-10-25 10:55:23 INFO  [main] o.s.cloud.context.scope.GenericScope - BeanFactory id=529d9564-2395-3f62-b380-1e9a64f36527
2024-10-25 10:55:23 INFO  [main] o.s.b.w.e.tomcat.TomcatWebServer - Tomcat initialized with port 8071 (http)
2024-10-25 10:55:24 INFO  [main] o.a.coyote.http11.Http11NioProtocol - Initializing ProtocolHandler ["http-nio-8071"]
2024-10-25 10:55:24 INFO  [main] o.a.catalina.core.StandardService - Starting service [Tomcat]
2024-10-25 10:55:24 INFO  [main] o.a.catalina.core.StandardEngine - Starting Servlet engine: [Apache Tomcat/10.1.28]
2024-10-25 10:55:24 INFO  [main] o.a.c.c.C.[Tomcat].[localhost].[/] - Initializing Spring embedded WebApplicationContext
2024-10-25 10:55:24 INFO  [main] o.s.b.w.s.c.ServletWebServerApplicationContext - Root WebApplicationContext: initialization completed in 786 ms
2024-10-25 10:55:26 INFO  [main] o.s.b.a.e.web.EndpointLinksResolver - Exposing 17 endpoints beneath base path '/actuator'
2024-10-25 10:55:26 INFO  [main] o.a.coyote.http11.Http11NioProtocol - Starting ProtocolHandler ["http-nio-8071"]
2024-10-25 10:55:26 INFO  [main] o.s.b.w.e.tomcat.TomcatWebServer - Tomcat started on port 8071 (http) with context path '/'
2024-10-25 10:55:26 INFO  [main] c.o.c.ConfigServerApplication - Started ConfigServerApplication in 3.726 seconds (process running for 4.672)
2024-10-25 10:55:36 INFO  [http-nio-8071-exec-1] o.a.c.c.C.[Tomcat].[localhost].[/] - Initializing Spring DispatcherServlet 'dispatcherServlet'
2024-10-25 10:55:36 INFO  [http-nio-8071-exec-1] o.s.web.servlet.DispatcherServlet - Initializing Servlet 'dispatcherServlet'
2024-10-25 10:55:36 INFO  [http-nio-8071-exec-1] o.s.web.servlet.DispatcherServlet - Completed initialization in 0 ms
2024-10-25 10:55:37 INFO  [http-nio-8071-exec-1] o.s.c.c.s.e.NativeEnvironmentRepository - Adding property source: Config resource 'file [/tmp/config-repo-807049406017609167/eurekaserver.yml]' via location 'file:/tmp/config-repo-807049406017609167/'
2024-10-25 10:55:49 INFO  [http-nio-8071-exec-2] o.s.c.c.s.e.NativeEnvironmentRepository - Adding property source: Config resource 'file [/tmp/config-repo-807049406017609167/accounts.yml]' via location 'file:/tmp/config-repo-807049406017609167/'
2024-10-25 10:55:50 INFO  [http-nio-8071-exec-3] o.s.c.c.s.e.NativeEnvironmentRepository - Adding property source: Config resource 'file [/tmp/config-repo-807049406017609167/accounts-prod.yml]' via location 'file:/tmp/config-repo-807049406017609167/'
2024-10-25 10:55:50 INFO  [http-nio-8071-exec-3] o.s.c.c.s.e.NativeEnvironmentRepository - Adding property source: Config resource 'file [/tmp/config-repo-807049406017609167/accounts.yml]' via location 'file:/tmp/config-repo-807049406017609167/'
2024-10-25 10:56:15 INFO  [http-nio-8071-exec-4] o.s.c.c.s.e.NativeEnvironmentRepository - Adding property source: Config resource 'file [/tmp/config-repo-807049406017609167/gatewayserver.yml]' via location 'file:/tmp/config-repo-807049406017609167/'
2024-10-25 11:03:03 INFO  [http-nio-8071-exec-8] o.s.c.c.s.e.NativeEnvironmentRepository - Adding property source: Config resource 'file [/tmp/config-repo-807049406017609167/products.yml]' via location 'file:/tmp/config-repo-807049406017609167/'
2024-10-25 11:03:04 INFO  [http-nio-8071-exec-9] o.s.c.c.s.e.NativeEnvironmentRepository - Adding property source: Config resource 'file [/tmp/config-repo-807049406017609167/products-prod.yml]' via location 'file:/tmp/config-repo-807049406017609167/'
2024-10-25 11:03:04 INFO  [http-nio-8071-exec-9] o.s.c.c.s.e.NativeEnvironmentRepository - Adding property source: Config resource 'file [/tmp/config-repo-807049406017609167/products.yml]' via location 'file:/tmp/config-repo-807049406017609167/'
2024-10-25 18:06:47 INFO  [http-nio-8071-exec-1] o.s.c.c.s.e.NativeEnvironmentRepository - Adding property source: Config resource 'file [/tmp/config-repo-807049406017609167/products.yml]' via location 'file:/tmp/config-repo-807049406017609167/'
2024-10-25 18:06:48 INFO  [http-nio-8071-exec-2] o.s.c.c.s.e.NativeEnvironmentRepository - Adding property source: Config resource 'file [/tmp/config-repo-807049406017609167/products-prod.yml]' via location 'file:/tmp/config-repo-807049406017609167/'
2024-10-25 18:06:48 INFO  [http-nio-8071-exec-2] o.s.c.c.s.e.NativeEnvironmentRepository - Adding property source: Config resource 'file [/tmp/config-repo-807049406017609167/products.yml]' via location 'file:/tmp/config-repo-807049406017609167/'
2024-10-25 18:30:19 INFO  [http-nio-8071-exec-4] o.s.c.c.s.e.NativeEnvironmentRepository - Adding property source: Config resource 'file [/tmp/config-repo-807049406017609167/accounts.yml]' via location 'file:/tmp/config-repo-807049406017609167/'
2024-10-25 18:30:20 INFO  [http-nio-8071-exec-5] o.s.c.c.s.e.NativeEnvironmentRepository - Adding property source: Config resource 'file [/tmp/config-repo-807049406017609167/accounts-prod.yml]' via location 'file:/tmp/config-repo-807049406017609167/'
2024-10-25 18:30:20 INFO  [http-nio-8071-exec-5] o.s.c.c.s.e.NativeEnvironmentRepository - Adding property source: Config resource 'file [/tmp/config-repo-807049406017609167/accounts.yml]' via location 'file:/tmp/config-repo-807049406017609167/'
2024-10-25 18:30:27 INFO  [http-nio-8071-exec-6] o.s.c.c.s.e.NativeEnvironmentRepository - Adding property source: Config resource 'file [/tmp/config-repo-807049406017609167/accounts.yml]' via location 'file:/tmp/config-repo-807049406017609167/'
2024-10-25 18:30:28 INFO  [http-nio-8071-exec-7] o.s.c.c.s.e.NativeEnvironmentRepository - Adding property source: Config resource 'file [/tmp/config-repo-807049406017609167/accounts-prod.yml]' via location 'file:/tmp/config-repo-807049406017609167/'
2024-10-25 18:30:28 INFO  [http-nio-8071-exec-7] o.s.c.c.s.e.NativeEnvironmentRepository - Adding property source: Config resource 'file [/tmp/config-repo-807049406017609167/accounts.yml]' via location 'file:/tmp/config-repo-807049406017609167/'
2024-10-25 18:30:59 INFO  [http-nio-8071-exec-8] o.s.c.c.s.e.NativeEnvironmentRepository - Adding property source: Config resource 'file [/tmp/config-repo-807049406017609167/accounts.yml]' via location 'file:/tmp/config-repo-807049406017609167/'
2024-10-25 18:31:00 INFO  [http-nio-8071-exec-9] o.s.c.c.s.e.NativeEnvironmentRepository - Adding property source: Config resource 'file [/tmp/config-repo-807049406017609167/accounts-prod.yml]' via location 'file:/tmp/config-repo-807049406017609167/'
2024-10-25 18:31:00 INFO  [http-nio-8071-exec-9] o.s.c.c.s.e.NativeEnvironmentRepository - Adding property source: Config resource 'file [/tmp/config-repo-807049406017609167/accounts.yml]' via location 'file:/tmp/config-repo-807049406017609167/'
2024-10-25 18:31:06 INFO  [http-nio-8071-exec-10] o.s.c.c.s.e.NativeEnvironmentRepository - Adding property source: Config resource 'file [/tmp/config-repo-807049406017609167/accounts.yml]' via location 'file:/tmp/config-repo-807049406017609167/'
2024-10-25 18:31:07 INFO  [http-nio-8071-exec-1] o.s.c.c.s.e.NativeEnvironmentRepository - Adding property source: Config resource 'file [/tmp/config-repo-807049406017609167/accounts-prod.yml]' via location 'file:/tmp/config-repo-807049406017609167/'
2024-10-25 18:31:07 INFO  [http-nio-8071-exec-1] o.s.c.c.s.e.NativeEnvironmentRepository - Adding property source: Config resource 'file [/tmp/config-repo-807049406017609167/accounts.yml]' via location 'file:/tmp/config-repo-807049406017609167/'
2024-10-25 18:32:27 INFO  [http-nio-8071-exec-3] o.s.c.c.s.e.NativeEnvironmentRepository - Adding property source: Config resource 'file [/tmp/config-repo-807049406017609167/accounts.yml]' via location 'file:/tmp/config-repo-807049406017609167/'
2024-10-25 18:32:28 INFO  [http-nio-8071-exec-4] o.s.c.c.s.e.NativeEnvironmentRepository - Adding property source: Config resource 'file [/tmp/config-repo-807049406017609167/accounts-prod.yml]' via location 'file:/tmp/config-repo-807049406017609167/'
2024-10-25 18:32:28 INFO  [http-nio-8071-exec-4] o.s.c.c.s.e.NativeEnvironmentRepository - Adding property source: Config resource 'file [/tmp/config-repo-807049406017609167/accounts.yml]' via location 'file:/tmp/config-repo-807049406017609167/'
2024-10-25 18:32:38 INFO  [http-nio-8071-exec-5] o.s.c.c.s.e.NativeEnvironmentRepository - Adding property source: Config resource 'file [/tmp/config-repo-807049406017609167/accounts.yml]' via location 'file:/tmp/config-repo-807049406017609167/'
2024-10-25 18:32:39 INFO  [http-nio-8071-exec-6] o.s.c.c.s.e.NativeEnvironmentRepository - Adding property source: Config resource 'file [/tmp/config-repo-807049406017609167/accounts-prod.yml]' via location 'file:/tmp/config-repo-807049406017609167/'
2024-10-25 18:32:39 INFO  [http-nio-8071-exec-6] o.s.c.c.s.e.NativeEnvironmentRepository - Adding property source: Config resource 'file [/tmp/config-repo-807049406017609167/accounts.yml]' via location 'file:/tmp/config-repo-807049406017609167/'
2024-10-25 18:32:54 INFO  [http-nio-8071-exec-7] o.s.c.c.s.e.NativeEnvironmentRepository - Adding property source: Config resource 'file [/tmp/config-repo-807049406017609167/accounts.yml]' via location 'file:/tmp/config-repo-807049406017609167/'
2024-10-25 18:32:55 INFO  [http-nio-8071-exec-8] o.s.c.c.s.e.NativeEnvironmentRepository - Adding property source: Config resource 'file [/tmp/config-repo-807049406017609167/accounts-prod.yml]' via location 'file:/tmp/config-repo-807049406017609167/'
2024-10-25 18:32:55 INFO  [http-nio-8071-exec-8] o.s.c.c.s.e.NativeEnvironmentRepository - Adding property source: Config resource 'file [/tmp/config-repo-807049406017609167/accounts.yml]' via location 'file:/tmp/config-repo-807049406017609167/'
2024-10-25 18:33:02 INFO  [http-nio-8071-exec-9] o.s.c.c.s.e.NativeEnvironmentRepository - Adding property source: Config resource 'file [/tmp/config-repo-807049406017609167/accounts.yml]' via location 'file:/tmp/config-repo-807049406017609167/'
2024-10-25 18:33:02 INFO  [http-nio-8071-exec-10] o.s.c.c.s.e.NativeEnvironmentRepository - Adding property source: Config resource 'file [/tmp/config-repo-807049406017609167/accounts-prod.yml]' via location 'file:/tmp/config-repo-807049406017609167/'
2024-10-25 18:33:02 INFO  [http-nio-8071-exec-10] o.s.c.c.s.e.NativeEnvironmentRepository - Adding property source: Config resource 'file [/tmp/config-repo-807049406017609167/accounts.yml]' via location 'file:/tmp/config-repo-807049406017609167/'
2024-10-25 18:33:55 INFO  [http-nio-8071-exec-1] o.s.c.c.s.e.NativeEnvironmentRepository - Adding property source: Config resource 'file [/tmp/config-repo-807049406017609167/accounts.yml]' via location 'file:/tmp/config-repo-807049406017609167/'
2024-10-25 18:33:56 INFO  [http-nio-8071-exec-2] o.s.c.c.s.e.NativeEnvironmentRepository - Adding property source: Config resource 'file [/tmp/config-repo-807049406017609167/accounts-prod.yml]' via location 'file:/tmp/config-repo-807049406017609167/'
2024-10-25 18:33:56 INFO  [http-nio-8071-exec-2] o.s.c.c.s.e.NativeEnvironmentRepository - Adding property source: Config resource 'file [/tmp/config-repo-807049406017609167/accounts.yml]' via location 'file:/tmp/config-repo-807049406017609167/'
2024-10-25 18:35:27 INFO  [http-nio-8071-exec-4] o.s.c.c.s.e.NativeEnvironmentRepository - Adding property source: Config resource 'file [/tmp/config-repo-807049406017609167/accounts.yml]' via location 'file:/tmp/config-repo-807049406017609167/'
2024-10-25 18:35:28 INFO  [http-nio-8071-exec-5] o.s.c.c.s.e.NativeEnvironmentRepository - Adding property source: Config resource 'file [/tmp/config-repo-807049406017609167/accounts-prod.yml]' via location 'file:/tmp/config-repo-807049406017609167/'
2024-10-25 18:35:28 INFO  [http-nio-8071-exec-5] o.s.c.c.s.e.NativeEnvironmentRepository - Adding property source: Config resource 'file [/tmp/config-repo-807049406017609167/accounts.yml]' via location 'file:/tmp/config-repo-807049406017609167/'
2024-10-25 18:53:28 INFO  [http-nio-8071-exec-7] o.s.c.c.s.e.NativeEnvironmentRepository - Adding property source: Config resource 'file [/tmp/config-repo-807049406017609167/accounts.yml]' via location 'file:/tmp/config-repo-807049406017609167/'
2024-10-25 18:53:29 INFO  [http-nio-8071-exec-8] o.s.c.c.s.e.NativeEnvironmentRepository - Adding property source: Config resource 'file [/tmp/config-repo-807049406017609167/accounts-prod.yml]' via location 'file:/tmp/config-repo-807049406017609167/'
2024-10-25 18:53:29 INFO  [http-nio-8071-exec-8] o.s.c.c.s.e.NativeEnvironmentRepository - Adding property source: Config resource 'file [/tmp/config-repo-807049406017609167/accounts.yml]' via location 'file:/tmp/config-repo-807049406017609167/'
2024-10-25 18:56:13 INFO  [http-nio-8071-exec-10] o.s.c.c.s.e.NativeEnvironmentRepository - Adding property source: Config resource 'file [/tmp/config-repo-807049406017609167/accounts.yml]' via location 'file:/tmp/config-repo-807049406017609167/'
2024-10-25 18:56:14 INFO  [http-nio-8071-exec-1] o.s.c.c.s.e.NativeEnvironmentRepository - Adding property source: Config resource 'file [/tmp/config-repo-807049406017609167/accounts-prod.yml]' via location 'file:/tmp/config-repo-807049406017609167/'
2024-10-25 18:56:14 INFO  [http-nio-8071-exec-1] o.s.c.c.s.e.NativeEnvironmentRepository - Adding property source: Config resource 'file [/tmp/config-repo-807049406017609167/accounts.yml]' via location 'file:/tmp/config-repo-807049406017609167/'
2024-10-25 18:56:32 INFO  [http-nio-8071-exec-2] o.s.c.c.s.e.NativeEnvironmentRepository - Adding property source: Config resource 'file [/tmp/config-repo-807049406017609167/accounts.yml]' via location 'file:/tmp/config-repo-807049406017609167/'
2024-10-25 18:56:33 INFO  [http-nio-8071-exec-3] o.s.c.c.s.e.NativeEnvironmentRepository - Adding property source: Config resource 'file [/tmp/config-repo-807049406017609167/accounts-prod.yml]' via location 'file:/tmp/config-repo-807049406017609167/'
2024-10-25 18:56:33 INFO  [http-nio-8071-exec-3] o.s.c.c.s.e.NativeEnvironmentRepository - Adding property source: Config resource 'file [/tmp/config-repo-807049406017609167/accounts.yml]' via location 'file:/tmp/config-repo-807049406017609167/'
2024-10-25 18:56:56 INFO  [http-nio-8071-exec-4] o.s.c.c.s.e.NativeEnvironmentRepository - Adding property source: Config resource 'file [/tmp/config-repo-807049406017609167/accounts.yml]' via location 'file:/tmp/config-repo-807049406017609167/'
2024-10-25 18:56:57 INFO  [http-nio-8071-exec-5] o.s.c.c.s.e.NativeEnvironmentRepository - Adding property source: Config resource 'file [/tmp/config-repo-807049406017609167/accounts-prod.yml]' via location 'file:/tmp/config-repo-807049406017609167/'
2024-10-25 18:56:57 INFO  [http-nio-8071-exec-5] o.s.c.c.s.e.NativeEnvironmentRepository - Adding property source: Config resource 'file [/tmp/config-repo-807049406017609167/accounts.yml]' via location 'file:/tmp/config-repo-807049406017609167/'
2024-10-25 19:00:33 INFO  [http-nio-8071-exec-7] o.s.c.c.s.e.NativeEnvironmentRepository - Adding property source: Config resource 'file [/tmp/config-repo-807049406017609167/accounts.yml]' via location 'file:/tmp/config-repo-807049406017609167/'
2024-10-25 19:00:33 INFO  [http-nio-8071-exec-8] o.s.c.c.s.e.NativeEnvironmentRepository - Adding property source: Config resource 'file [/tmp/config-repo-807049406017609167/accounts-prod.yml]' via location 'file:/tmp/config-repo-807049406017609167/'
2024-10-25 19:00:33 INFO  [http-nio-8071-exec-8] o.s.c.c.s.e.NativeEnvironmentRepository - Adding property source: Config resource 'file [/tmp/config-repo-807049406017609167/accounts.yml]' via location 'file:/tmp/config-repo-807049406017609167/'
2024-10-25 19:00:40 INFO  [http-nio-8071-exec-9] o.s.c.c.s.e.NativeEnvironmentRepository - Adding property source: Config resource 'file [/tmp/config-repo-807049406017609167/accounts.yml]' via location 'file:/tmp/config-repo-807049406017609167/'
2024-10-25 19:00:41 INFO  [http-nio-8071-exec-10] o.s.c.c.s.e.NativeEnvironmentRepository - Adding property source: Config resource 'file [/tmp/config-repo-807049406017609167/accounts-prod.yml]' via location 'file:/tmp/config-repo-807049406017609167/'
2024-10-25 19:00:41 INFO  [http-nio-8071-exec-10] o.s.c.c.s.e.NativeEnvironmentRepository - Adding property source: Config resource 'file [/tmp/config-repo-807049406017609167/accounts.yml]' via location 'file:/tmp/config-repo-807049406017609167/'
2024-10-25 19:02:00 INFO  [http-nio-8071-exec-2] o.s.c.c.s.e.NativeEnvironmentRepository - Adding property source: Config resource 'file [/tmp/config-repo-807049406017609167/accounts.yml]' via location 'file:/tmp/config-repo-807049406017609167/'
2024-10-25 19:02:01 INFO  [http-nio-8071-exec-3] o.s.c.c.s.e.NativeEnvironmentRepository - Adding property source: Config resource 'file [/tmp/config-repo-807049406017609167/accounts-prod.yml]' via location 'file:/tmp/config-repo-807049406017609167/'
2024-10-25 19:02:01 INFO  [http-nio-8071-exec-3] o.s.c.c.s.e.NativeEnvironmentRepository - Adding property source: Config resource 'file [/tmp/config-repo-807049406017609167/accounts.yml]' via location 'file:/tmp/config-repo-807049406017609167/'
2024-10-25 19:02:15 INFO  [http-nio-8071-exec-4] o.s.c.c.s.e.NativeEnvironmentRepository - Adding property source: Config resource 'file [/tmp/config-repo-807049406017609167/accounts.yml]' via location 'file:/tmp/config-repo-807049406017609167/'
2024-10-25 19:02:16 INFO  [http-nio-8071-exec-5] o.s.c.c.s.e.NativeEnvironmentRepository - Adding property source: Config resource 'file [/tmp/config-repo-807049406017609167/accounts-prod.yml]' via location 'file:/tmp/config-repo-807049406017609167/'
2024-10-25 19:02:16 INFO  [http-nio-8071-exec-5] o.s.c.c.s.e.NativeEnvironmentRepository - Adding property source: Config resource 'file [/tmp/config-repo-807049406017609167/accounts.yml]' via location 'file:/tmp/config-repo-807049406017609167/'
2024-10-25 19:02:24 INFO  [http-nio-8071-exec-6] o.s.c.c.s.e.NativeEnvironmentRepository - Adding property source: Config resource 'file [/tmp/config-repo-807049406017609167/accounts.yml]' via location 'file:/tmp/config-repo-807049406017609167/'
2024-10-25 19:02:25 INFO  [http-nio-8071-exec-7] o.s.c.c.s.e.NativeEnvironmentRepository - Adding property source: Config resource 'file [/tmp/config-repo-807049406017609167/accounts-prod.yml]' via location 'file:/tmp/config-repo-807049406017609167/'
2024-10-25 19:02:25 INFO  [http-nio-8071-exec-7] o.s.c.c.s.e.NativeEnvironmentRepository - Adding property source: Config resource 'file [/tmp/config-repo-807049406017609167/accounts.yml]' via location 'file:/tmp/config-repo-807049406017609167/'
2024-10-25 19:02:42 INFO  [http-nio-8071-exec-8] o.s.c.c.s.e.NativeEnvironmentRepository - Adding property source: Config resource 'file [/tmp/config-repo-807049406017609167/accounts.yml]' via location 'file:/tmp/config-repo-807049406017609167/'
2024-10-25 19:02:43 INFO  [http-nio-8071-exec-9] o.s.c.c.s.e.NativeEnvironmentRepository - Adding property source: Config resource 'file [/tmp/config-repo-807049406017609167/accounts-prod.yml]' via location 'file:/tmp/config-repo-807049406017609167/'
2024-10-25 19:02:43 INFO  [http-nio-8071-exec-9] o.s.c.c.s.e.NativeEnvironmentRepository - Adding property source: Config resource 'file [/tmp/config-repo-807049406017609167/accounts.yml]' via location 'file:/tmp/config-repo-807049406017609167/'
2024-10-25 19:02:49 INFO  [http-nio-8071-exec-10] o.s.c.c.s.e.NativeEnvironmentRepository - Adding property source: Config resource 'file [/tmp/config-repo-807049406017609167/accounts.yml]' via location 'file:/tmp/config-repo-807049406017609167/'
2024-10-25 19:02:50 INFO  [http-nio-8071-exec-1] o.s.c.c.s.e.NativeEnvironmentRepository - Adding property source: Config resource 'file [/tmp/config-repo-807049406017609167/accounts-prod.yml]' via location 'file:/tmp/config-repo-807049406017609167/'
2024-10-25 19:02:50 INFO  [http-nio-8071-exec-1] o.s.c.c.s.e.NativeEnvironmentRepository - Adding property source: Config resource 'file [/tmp/config-repo-807049406017609167/accounts.yml]' via location 'file:/tmp/config-repo-807049406017609167/'
2024-10-25 19:03:19 INFO  [http-nio-8071-exec-2] o.s.c.c.s.e.NativeEnvironmentRepository - Adding property source: Config resource 'file [/tmp/config-repo-807049406017609167/accounts.yml]' via location 'file:/tmp/config-repo-807049406017609167/'
2024-10-25 19:03:20 INFO  [http-nio-8071-exec-3] o.s.c.c.s.e.NativeEnvironmentRepository - Adding property source: Config resource 'file [/tmp/config-repo-807049406017609167/accounts-prod.yml]' via location 'file:/tmp/config-repo-807049406017609167/'
2024-10-25 19:03:20 INFO  [http-nio-8071-exec-3] o.s.c.c.s.e.NativeEnvironmentRepository - Adding property source: Config resource 'file [/tmp/config-repo-807049406017609167/accounts.yml]' via location 'file:/tmp/config-repo-807049406017609167/'
2024-10-25 19:03:36 INFO  [http-nio-8071-exec-4] o.s.c.c.s.e.NativeEnvironmentRepository - Adding property source: Config resource 'file [/tmp/config-repo-807049406017609167/accounts.yml]' via location 'file:/tmp/config-repo-807049406017609167/'
2024-10-25 19:03:37 INFO  [http-nio-8071-exec-5] o.s.c.c.s.e.NativeEnvironmentRepository - Adding property source: Config resource 'file [/tmp/config-repo-807049406017609167/accounts-prod.yml]' via location 'file:/tmp/config-repo-807049406017609167/'
2024-10-25 19:03:37 INFO  [http-nio-8071-exec-5] o.s.c.c.s.e.NativeEnvironmentRepository - Adding property source: Config resource 'file [/tmp/config-repo-807049406017609167/accounts.yml]' via location 'file:/tmp/config-repo-807049406017609167/'
2024-10-25 19:03:38 INFO  [http-nio-8071-exec-6] o.s.c.c.s.e.NativeEnvironmentRepository - Adding property source: Config resource 'file [/tmp/config-repo-807049406017609167/accounts.yml]' via location 'file:/tmp/config-repo-807049406017609167/'
2024-10-25 19:03:39 INFO  [http-nio-8071-exec-7] o.s.c.c.s.e.NativeEnvironmentRepository - Adding property source: Config resource 'file [/tmp/config-repo-807049406017609167/accounts-prod.yml]' via location 'file:/tmp/config-repo-807049406017609167/'
2024-10-25 19:03:39 INFO  [http-nio-8071-exec-7] o.s.c.c.s.e.NativeEnvironmentRepository - Adding property source: Config resource 'file [/tmp/config-repo-807049406017609167/accounts.yml]' via location 'file:/tmp/config-repo-807049406017609167/'
2024-10-25 19:03:46 INFO  [http-nio-8071-exec-8] o.s.c.c.s.e.NativeEnvironmentRepository - Adding property source: Config resource 'file [/tmp/config-repo-807049406017609167/accounts.yml]' via location 'file:/tmp/config-repo-807049406017609167/'
2024-10-25 19:03:46 INFO  [http-nio-8071-exec-10] o.s.c.c.s.e.NativeEnvironmentRepository - Adding property source: Config resource 'file [/tmp/config-repo-807049406017609167/accounts-prod.yml]' via location 'file:/tmp/config-repo-807049406017609167/'
2024-10-25 19:03:46 INFO  [http-nio-8071-exec-10] o.s.c.c.s.e.NativeEnvironmentRepository - Adding property source: Config resource 'file [/tmp/config-repo-807049406017609167/accounts.yml]' via location 'file:/tmp/config-repo-807049406017609167/'
2024-10-25 19:09:14 INFO  [http-nio-8071-exec-2] o.s.c.c.s.e.NativeEnvironmentRepository - Adding property source: Config resource 'file [/tmp/config-repo-807049406017609167/accounts.yml]' via location 'file:/tmp/config-repo-807049406017609167/'
2024-10-25 19:09:15 INFO  [http-nio-8071-exec-3] o.s.c.c.s.e.NativeEnvironmentRepository - Adding property source: Config resource 'file [/tmp/config-repo-807049406017609167/accounts-prod.yml]' via location 'file:/tmp/config-repo-807049406017609167/'
2024-10-25 19:09:15 INFO  [http-nio-8071-exec-3] o.s.c.c.s.e.NativeEnvironmentRepository - Adding property source: Config resource 'file [/tmp/config-repo-807049406017609167/accounts.yml]' via location 'file:/tmp/config-repo-807049406017609167/'
2024-10-25 19:09:22 INFO  [http-nio-8071-exec-4] o.s.c.c.s.e.NativeEnvironmentRepository - Adding property source: Config resource 'file [/tmp/config-repo-807049406017609167/accounts.yml]' via location 'file:/tmp/config-repo-807049406017609167/'
2024-10-25 19:09:22 INFO  [http-nio-8071-exec-5] o.s.c.c.s.e.NativeEnvironmentRepository - Adding property source: Config resource 'file [/tmp/config-repo-807049406017609167/accounts-prod.yml]' via location 'file:/tmp/config-repo-807049406017609167/'
2024-10-25 19:09:22 INFO  [http-nio-8071-exec-5] o.s.c.c.s.e.NativeEnvironmentRepository - Adding property source: Config resource 'file [/tmp/config-repo-807049406017609167/accounts.yml]' via location 'file:/tmp/config-repo-807049406017609167/'
2024-10-25 19:16:27 INFO  [http-nio-8071-exec-7] o.s.c.c.s.e.NativeEnvironmentRepository - Adding property source: Config resource 'file [/tmp/config-repo-807049406017609167/accounts.yml]' via location 'file:/tmp/config-repo-807049406017609167/'
2024-10-25 19:16:28 INFO  [http-nio-8071-exec-9] o.s.c.c.s.e.NativeEnvironmentRepository - Adding property source: Config resource 'file [/tmp/config-repo-807049406017609167/accounts-prod.yml]' via location 'file:/tmp/config-repo-807049406017609167/'
2024-10-25 19:16:28 INFO  [http-nio-8071-exec-9] o.s.c.c.s.e.NativeEnvironmentRepository - Adding property source: Config resource 'file [/tmp/config-repo-807049406017609167/accounts.yml]' via location 'file:/tmp/config-repo-807049406017609167/'
2024-10-25 19:16:35 INFO  [http-nio-8071-exec-8] o.s.c.c.s.e.NativeEnvironmentRepository - Adding property source: Config resource 'file [/tmp/config-repo-807049406017609167/accounts.yml]' via location 'file:/tmp/config-repo-807049406017609167/'
2024-10-25 19:16:36 INFO  [http-nio-8071-exec-10] o.s.c.c.s.e.NativeEnvironmentRepository - Adding property source: Config resource 'file [/tmp/config-repo-807049406017609167/accounts-prod.yml]' via location 'file:/tmp/config-repo-807049406017609167/'
2024-10-25 19:16:36 INFO  [http-nio-8071-exec-10] o.s.c.c.s.e.NativeEnvironmentRepository - Adding property source: Config resource 'file [/tmp/config-repo-807049406017609167/accounts.yml]' via location 'file:/tmp/config-repo-807049406017609167/'
2024-10-25 19:17:14 INFO  [http-nio-8071-exec-1] o.s.c.c.s.e.NativeEnvironmentRepository - Adding property source: Config resource 'file [/tmp/config-repo-807049406017609167/accounts.yml]' via location 'file:/tmp/config-repo-807049406017609167/'
2024-10-25 19:17:14 INFO  [http-nio-8071-exec-2] o.s.c.c.s.e.NativeEnvironmentRepository - Adding property source: Config resource 'file [/tmp/config-repo-807049406017609167/accounts-prod.yml]' via location 'file:/tmp/config-repo-807049406017609167/'
2024-10-25 19:17:14 INFO  [http-nio-8071-exec-2] o.s.c.c.s.e.NativeEnvironmentRepository - Adding property source: Config resource 'file [/tmp/config-repo-807049406017609167/accounts.yml]' via location 'file:/tmp/config-repo-807049406017609167/'
2024-10-25 19:20:22 INFO  [http-nio-8071-exec-4] o.s.c.c.s.e.NativeEnvironmentRepository - Adding property source: Config resource 'file [/tmp/config-repo-807049406017609167/accounts.yml]' via location 'file:/tmp/config-repo-807049406017609167/'
2024-10-25 19:20:23 INFO  [http-nio-8071-exec-5] o.s.c.c.s.e.NativeEnvironmentRepository - Adding property source: Config resource 'file [/tmp/config-repo-807049406017609167/accounts-prod.yml]' via location 'file:/tmp/config-repo-807049406017609167/'
2024-10-25 19:20:23 INFO  [http-nio-8071-exec-5] o.s.c.c.s.e.NativeEnvironmentRepository - Adding property source: Config resource 'file [/tmp/config-repo-807049406017609167/accounts.yml]' via location 'file:/tmp/config-repo-807049406017609167/'
2024-10-25 19:21:25 INFO  [http-nio-8071-exec-7] o.s.c.c.s.e.NativeEnvironmentRepository - Adding property source: Config resource 'file [/tmp/config-repo-807049406017609167/accounts.yml]' via location 'file:/tmp/config-repo-807049406017609167/'
2024-10-25 19:21:26 INFO  [http-nio-8071-exec-9] o.s.c.c.s.e.NativeEnvironmentRepository - Adding property source: Config resource 'file [/tmp/config-repo-807049406017609167/accounts-prod.yml]' via location 'file:/tmp/config-repo-807049406017609167/'
2024-10-25 19:21:26 INFO  [http-nio-8071-exec-9] o.s.c.c.s.e.NativeEnvironmentRepository - Adding property source: Config resource 'file [/tmp/config-repo-807049406017609167/accounts.yml]' via location 'file:/tmp/config-repo-807049406017609167/'
2024-10-25 19:21:31 INFO  [http-nio-8071-exec-8] o.s.c.c.s.e.NativeEnvironmentRepository - Adding property source: Config resource 'file [/tmp/config-repo-807049406017609167/accounts.yml]' via location 'file:/tmp/config-repo-807049406017609167/'
2024-10-25 19:21:32 INFO  [http-nio-8071-exec-10] o.s.c.c.s.e.NativeEnvironmentRepository - Adding property source: Config resource 'file [/tmp/config-repo-807049406017609167/accounts-prod.yml]' via location 'file:/tmp/config-repo-807049406017609167/'
2024-10-25 19:21:32 INFO  [http-nio-8071-exec-10] o.s.c.c.s.e.NativeEnvironmentRepository - Adding property source: Config resource 'file [/tmp/config-repo-807049406017609167/accounts.yml]' via location 'file:/tmp/config-repo-807049406017609167/'
2024-10-25 19:21:33 INFO  [http-nio-8071-exec-1] o.s.c.c.s.e.NativeEnvironmentRepository - Adding property source: Config resource 'file [/tmp/config-repo-807049406017609167/accounts.yml]' via location 'file:/tmp/config-repo-807049406017609167/'
2024-10-25 19:21:34 INFO  [http-nio-8071-exec-2] o.s.c.c.s.e.NativeEnvironmentRepository - Adding property source: Config resource 'file [/tmp/config-repo-807049406017609167/accounts-prod.yml]' via location 'file:/tmp/config-repo-807049406017609167/'
2024-10-25 19:21:34 INFO  [http-nio-8071-exec-2] o.s.c.c.s.e.NativeEnvironmentRepository - Adding property source: Config resource 'file [/tmp/config-repo-807049406017609167/accounts.yml]' via location 'file:/tmp/config-repo-807049406017609167/'
2024-10-25 19:21:40 INFO  [http-nio-8071-exec-3] o.s.c.c.s.e.NativeEnvironmentRepository - Adding property source: Config resource 'file [/tmp/config-repo-807049406017609167/accounts.yml]' via location 'file:/tmp/config-repo-807049406017609167/'
2024-10-25 19:21:41 INFO  [http-nio-8071-exec-5] o.s.c.c.s.e.NativeEnvironmentRepository - Adding property source: Config resource 'file [/tmp/config-repo-807049406017609167/accounts-prod.yml]' via location 'file:/tmp/config-repo-807049406017609167/'
2024-10-25 19:21:41 INFO  [http-nio-8071-exec-5] o.s.c.c.s.e.NativeEnvironmentRepository - Adding property source: Config resource 'file [/tmp/config-repo-807049406017609167/accounts.yml]' via location 'file:/tmp/config-repo-807049406017609167/'
2024-10-25 19:40:26 INFO  [http-nio-8071-exec-7] o.s.c.c.s.e.NativeEnvironmentRepository - Adding property source: Config resource 'file [/tmp/config-repo-807049406017609167/accounts.yml]' via location 'file:/tmp/config-repo-807049406017609167/'
2024-10-25 19:40:27 INFO  [http-nio-8071-exec-9] o.s.c.c.s.e.NativeEnvironmentRepository - Adding property source: Config resource 'file [/tmp/config-repo-807049406017609167/accounts-prod.yml]' via location 'file:/tmp/config-repo-807049406017609167/'
2024-10-25 19:40:27 INFO  [http-nio-8071-exec-9] o.s.c.c.s.e.NativeEnvironmentRepository - Adding property source: Config resource 'file [/tmp/config-repo-807049406017609167/accounts.yml]' via location 'file:/tmp/config-repo-807049406017609167/'
2024-10-25 19:49:16 INFO  [http-nio-8071-exec-10] o.s.c.c.s.e.NativeEnvironmentRepository - Adding property source: Config resource 'file [/tmp/config-repo-807049406017609167/accounts.yml]' via location 'file:/tmp/config-repo-807049406017609167/'
2024-10-25 19:49:17 INFO  [http-nio-8071-exec-1] o.s.c.c.s.e.NativeEnvironmentRepository - Adding property source: Config resource 'file [/tmp/config-repo-807049406017609167/accounts-prod.yml]' via location 'file:/tmp/config-repo-807049406017609167/'
2024-10-25 19:49:17 INFO  [http-nio-8071-exec-1] o.s.c.c.s.e.NativeEnvironmentRepository - Adding property source: Config resource 'file [/tmp/config-repo-807049406017609167/accounts.yml]' via location 'file:/tmp/config-repo-807049406017609167/'
2024-10-25 19:49:19 INFO  [http-nio-8071-exec-2] o.s.c.c.s.e.NativeEnvironmentRepository - Adding property source: Config resource 'file [/tmp/config-repo-807049406017609167/accounts.yml]' via location 'file:/tmp/config-repo-807049406017609167/'
2024-10-25 19:49:20 INFO  [http-nio-8071-exec-4] o.s.c.c.s.e.NativeEnvironmentRepository - Adding property source: Config resource 'file [/tmp/config-repo-807049406017609167/accounts-prod.yml]' via location 'file:/tmp/config-repo-807049406017609167/'
2024-10-25 19:49:20 INFO  [http-nio-8071-exec-4] o.s.c.c.s.e.NativeEnvironmentRepository - Adding property source: Config resource 'file [/tmp/config-repo-807049406017609167/accounts.yml]' via location 'file:/tmp/config-repo-807049406017609167/'
2024-10-25 19:49:58 INFO  [http-nio-8071-exec-6] o.s.c.c.s.e.NativeEnvironmentRepository - Adding property source: Config resource 'file [/tmp/config-repo-807049406017609167/accounts.yml]' via location 'file:/tmp/config-repo-807049406017609167/'
2024-10-25 19:49:59 INFO  [http-nio-8071-exec-7] o.s.c.c.s.e.NativeEnvironmentRepository - Adding property source: Config resource 'file [/tmp/config-repo-807049406017609167/accounts-prod.yml]' via location 'file:/tmp/config-repo-807049406017609167/'
2024-10-25 19:49:59 INFO  [http-nio-8071-exec-7] o.s.c.c.s.e.NativeEnvironmentRepository - Adding property source: Config resource 'file [/tmp/config-repo-807049406017609167/accounts.yml]' via location 'file:/tmp/config-repo-807049406017609167/'
2024-10-25 19:53:12 INFO  [http-nio-8071-exec-8] o.s.c.c.s.e.NativeEnvironmentRepository - Adding property source: Config resource 'file [/tmp/config-repo-807049406017609167/accounts.yml]' via location 'file:/tmp/config-repo-807049406017609167/'
2024-10-25 19:53:13 INFO  [http-nio-8071-exec-10] o.s.c.c.s.e.NativeEnvironmentRepository - Adding property source: Config resource 'file [/tmp/config-repo-807049406017609167/accounts-prod.yml]' via location 'file:/tmp/config-repo-807049406017609167/'
2024-10-25 19:53:13 INFO  [http-nio-8071-exec-10] o.s.c.c.s.e.NativeEnvironmentRepository - Adding property source: Config resource 'file [/tmp/config-repo-807049406017609167/accounts.yml]' via location 'file:/tmp/config-repo-807049406017609167/'
2024-10-25 20:09:51 INFO  [http-nio-8071-exec-2] o.s.c.c.s.e.NativeEnvironmentRepository - Adding property source: Config resource 'file [/tmp/config-repo-807049406017609167/accounts.yml]' via location 'file:/tmp/config-repo-807049406017609167/'
2024-10-25 20:09:51 INFO  [http-nio-8071-exec-4] o.s.c.c.s.e.NativeEnvironmentRepository - Adding property source: Config resource 'file [/tmp/config-repo-807049406017609167/accounts-prod.yml]' via location 'file:/tmp/config-repo-807049406017609167/'
2024-10-25 20:09:51 INFO  [http-nio-8071-exec-4] o.s.c.c.s.e.NativeEnvironmentRepository - Adding property source: Config resource 'file [/tmp/config-repo-807049406017609167/accounts.yml]' via location 'file:/tmp/config-repo-807049406017609167/'
2024-10-25 20:16:13 INFO  [http-nio-8071-exec-5] o.s.c.c.s.e.NativeEnvironmentRepository - Adding property source: Config resource 'file [/tmp/config-repo-807049406017609167/accounts.yml]' via location 'file:/tmp/config-repo-807049406017609167/'
2024-10-25 20:16:14 INFO  [http-nio-8071-exec-6] o.s.c.c.s.e.NativeEnvironmentRepository - Adding property source: Config resource 'file [/tmp/config-repo-807049406017609167/accounts-prod.yml]' via location 'file:/tmp/config-repo-807049406017609167/'
2024-10-25 20:16:14 INFO  [http-nio-8071-exec-6] o.s.c.c.s.e.NativeEnvironmentRepository - Adding property source: Config resource 'file [/tmp/config-repo-807049406017609167/accounts.yml]' via location 'file:/tmp/config-repo-807049406017609167/'
2024-10-25 20:23:02 INFO  [http-nio-8071-exec-9] o.s.c.c.s.e.NativeEnvironmentRepository - Adding property source: Config resource 'file [/tmp/config-repo-807049406017609167/accounts.yml]' via location 'file:/tmp/config-repo-807049406017609167/'
2024-10-25 20:23:03 INFO  [http-nio-8071-exec-8] o.s.c.c.s.e.NativeEnvironmentRepository - Adding property source: Config resource 'file [/tmp/config-repo-807049406017609167/accounts-prod.yml]' via location 'file:/tmp/config-repo-807049406017609167/'
2024-10-25 20:23:03 INFO  [http-nio-8071-exec-8] o.s.c.c.s.e.NativeEnvironmentRepository - Adding property source: Config resource 'file [/tmp/config-repo-807049406017609167/accounts.yml]' via location 'file:/tmp/config-repo-807049406017609167/'
2024-10-25 21:47:44 INFO  [http-nio-8071-exec-1] o.s.c.c.s.e.NativeEnvironmentRepository - Adding property source: Config resource 'file [/tmp/config-repo-807049406017609167/gatewayserver.yml]' via location 'file:/tmp/config-repo-807049406017609167/'
2024-10-25 22:34:09 INFO  [http-nio-8071-exec-4] o.s.c.c.s.e.NativeEnvironmentRepository - Adding property source: Config resource 'file [/tmp/config-repo-807049406017609167/gatewayserver.yml]' via location 'file:/tmp/config-repo-807049406017609167/'
